This file contains any messages produced by compilers while
running configure, to aid debugging if configure makes a mistake.

It was created by OpenPGM configure 5.1, which was
generated by GNU Autoconf 2.67.  Invocation command line was

  $ ./configure --disable-option-checking --prefix=/usr/local CFLAGS=-fvisibility=hidden --with-pgm --cache-file=/dev/null --srcdir=.

## --------- ##
## Platform. ##
## --------- ##

hostname = shriram-sridharan
uname -m = x86_64
uname -r = 3.2.0-55-generic
uname -s = Linux
uname -v = #85-Ubuntu SMP Wed Oct 2 12:29:27 UTC 2013

/usr/bin/uname -p = unknown
/bin/uname -X     = unknown

/bin/arch              = unknown
/usr/bin/arch -k       = unknown
/usr/convex/getsysinfo = unknown
/usr/bin/hostinfo      = unknown
/bin/machine           = unknown
/usr/bin/oslevel       = unknown
/bin/universe          = unknown

PATH: /usr/lib/lightdm/lightdm
PATH: /usr/local/sbin
PATH: /usr/local/bin
PATH: /usr/sbin
PATH: /usr/bin
PATH: /sbin
PATH: /bin
PATH: /usr/games
PATH: /usr/local/pgsql/bin
PATH: /opt/Ingres/IngresII/ingres/utility
PATH: /opt/Ingres/IngresII/ingres/bin
PATH: /opt/Ingres/IngresII/ingres/lib
PATH: /usr/local/pgsql/bin
PATH: /opt/Ingres/IngresII/ingres/utility
PATH: /opt/Ingres/IngresII/ingres/bin
PATH: /opt/Ingres/IngresII/ingres/lib
PATH: /usr/local/pgsql/bin
PATH: /opt/Ingres/IngresII/ingres/utility
PATH: /opt/Ingres/IngresII/ingres/bin
PATH: /opt/Ingres/IngresII/ingres/lib


## ----------- ##
## Core tests. ##
## ----------- ##

configure:2654: checking for a BSD-compatible install
configure:2722: result: /usr/bin/install -c
configure:2733: checking whether build environment is sane
configure:2783: result: yes
configure:2924: checking for a thread-safe mkdir -p
configure:2963: result: /bin/mkdir -p
configure:2976: checking for gawk
configure:2992: found /usr/bin/gawk
configure:3003: result: gawk
configure:3014: checking whether make sets $(MAKE)
configure:3036: result: yes
configure:3174: checking for gcc
configure:3190: found /usr/bin/gcc
configure:3201: result: gcc
configure:3430: checking for C compiler version
configure:3439: gcc --version >&5
gcc (Ubuntu/Linaro 4.7.3-2ubuntu1~12.04) 4.7.3
Copyright (C) 2012 Free Software Foundation, Inc.
This is free software; see the source for copying conditions.  There is NO
warranty; not even for MERCHANTABILITY or FITNESS FOR A PARTICULAR PURPOSE.

configure:3450: $? = 0
configure:3439: gcc -v >&5
Using built-in specs.
COLLECT_GCC=gcc
COLLECT_LTO_WRAPPER=/usr/lib/gcc/x86_64-linux-gnu/4.7/lto-wrapper
Target: x86_64-linux-gnu
Configured with: ../src/configure -v --with-pkgversion='Ubuntu/Linaro 4.7.3-2ubuntu1~12.04' --with-bugurl=file:///usr/share/doc/gcc-4.7/README.Bugs --enable-languages=c,c++,go,fortran,objc,obj-c++ --prefix=/usr --program-suffix=-4.7 --enable-shared --enable-linker-build-id --libexecdir=/usr/lib --without-included-gettext --enable-threads=posix --with-gxx-include-dir=/usr/include/c++/4.7 --libdir=/usr/lib --enable-nls --with-sysroot=/ --enable-clocale=gnu --enable-libstdcxx-debug --enable-libstdcxx-time=yes --enable-gnu-unique-object --enable-plugin --with-system-zlib --enable-objc-gc --enable-multiarch --disable-werror --with-arch-32=i686 --with-abi=m64 --with-multilib-list=m32,m64 --with-tune=generic --enable-checking=release --build=x86_64-linux-gnu --host=x86_64-linux-gnu --target=x86_64-linux-gnu
Thread model: posix
gcc version 4.7.3 (Ubuntu/Linaro 4.7.3-2ubuntu1~12.04) 
configure:3450: $? = 0
configure:3439: gcc -V >&5
gcc: error: unrecognized command line option '-V'
gcc: fatal error: no input files
compilation terminated.
configure:3450: $? = 4
configure:3439: gcc -qversion >&5
gcc: error: unrecognized command line option '-qversion'
gcc: fatal error: no input files
compilation terminated.
configure:3450: $? = 4
configure:3470: checking whether the C compiler works
configure:3492: gcc -fvisibility=hidden   conftest.c  >&5
configure:3496: $? = 0
configure:3544: result: yes
configure:3547: checking for C compiler default output file name
configure:3549: result: a.out
configure:3555: checking for suffix of executables
configure:3562: gcc -o conftest -fvisibility=hidden   conftest.c  >&5
configure:3566: $? = 0
configure:3588: result: 
configure:3610: checking whether we are cross compiling
configure:3618: gcc -o conftest -fvisibility=hidden   conftest.c  >&5
configure:3622: $? = 0
configure:3629: ./conftest
configure:3633: $? = 0
configure:3648: result: no
configure:3653: checking for suffix of object files
configure:3675: gcc -c -fvisibility=hidden  conftest.c >&5
configure:3679: $? = 0
configure:3700: result: o
configure:3704: checking whether we are using the GNU C compiler
configure:3723: gcc -c -fvisibility=hidden  conftest.c >&5
configure:3723: $? = 0
configure:3732: result: yes
configure:3741: checking whether gcc accepts -g
configure:3761: gcc -c -g  conftest.c >&5
configure:3761: $? = 0
configure:3802: result: yes
configure:3819: checking for gcc option to accept ISO C89
configure:3883: gcc  -c -fvisibility=hidden  conftest.c >&5
configure:3883: $? = 0
configure:3896: result: none needed
configure:3927: checking for style of include used by make
configure:3955: result: GNU
configure:3980: checking dependency style of gcc
configure:4090: result: gcc3
configure:4105: checking for gcc option to accept ISO C99
configure:4254: gcc  -c -fvisibility=hidden  conftest.c >&5
conftest.c:59:29: error: expected ';', ',' or ')' before 'text'
conftest.c: In function 'main':
conftest.c:113:18: error: expected '=', ',', ';', 'asm' or '__attribute__' before 'newvar'
conftest.c:113:18: error: 'newvar' undeclared (first use in this function)
conftest.c:113:18: note: each undeclared identifier is reported only once for each function it appears in
conftest.c:123:3: error: 'for' loop initial declarations are only allowed in C99 mode
conftest.c:123:3: note: use option -std=c99 or -std=gnu99 to compile your code
configure:4254: $? = 1
configure: failed program was:
| /* confdefs.h */
| #define PACKAGE_NAME "OpenPGM"
| #define PACKAGE_TARNAME "openpgm"
| #define PACKAGE_VERSION "5.1"
| #define PACKAGE_STRING "OpenPGM 5.1"
| #define PACKAGE_BUGREPORT "openpgm-dev@googlegroups.com"
| #define PACKAGE_URL "http://code.google.com/p/openpgm/"
| /* end confdefs.h.  */
| #include <stdarg.h>
| #include <stdbool.h>
| #include <stdlib.h>
| #include <wchar.h>
| #include <stdio.h>
| 
| // Check varargs macros.  These examples are taken from C99 6.10.3.5.
| #define debug(...) fprintf (stderr, __VA_ARGS__)
| #define showlist(...) puts (#__VA_ARGS__)
| #define report(test,...) ((test) ? puts (#test) : printf (__VA_ARGS__))
| static void
| test_varargs_macros (void)
| {
|   int x = 1234;
|   int y = 5678;
|   debug ("Flag");
|   debug ("X = %d\n", x);
|   showlist (The first, second, and third items.);
|   report (x>y, "x is %d but y is %d", x, y);
| }
| 
| // Check long long types.
| #define BIG64 18446744073709551615ull
| #define BIG32 4294967295ul
| #define BIG_OK (BIG64 / BIG32 == 4294967297ull && BIG64 % BIG32 == 0)
| #if !BIG_OK
|   your preprocessor is broken;
| #endif
| #if BIG_OK
| #else
|   your preprocessor is broken;
| #endif
| static long long int bignum = -9223372036854775807LL;
| static unsigned long long int ubignum = BIG64;
| 
| struct incomplete_array
| {
|   int datasize;
|   double data[];
| };
| 
| struct named_init {
|   int number;
|   const wchar_t *name;
|   double average;
| };
| 
| typedef const char *ccp;
| 
| static inline int
| test_restrict (ccp restrict text)
| {
|   // See if C++-style comments work.
|   // Iterate through items via the restricted pointer.
|   // Also check for declarations in for loops.
|   for (unsigned int i = 0; *(text+i) != '\0'; ++i)
|     continue;
|   return 0;
| }
| 
| // Check varargs and va_copy.
| static void
| test_varargs (const char *format, ...)
| {
|   va_list args;
|   va_start (args, format);
|   va_list args_copy;
|   va_copy (args_copy, args);
| 
|   const char *str;
|   int number;
|   float fnumber;
| 
|   while (*format)
|     {
|       switch (*format++)
| 	{
| 	case 's': // string
| 	  str = va_arg (args_copy, const char *);
| 	  break;
| 	case 'd': // int
| 	  number = va_arg (args_copy, int);
| 	  break;
| 	case 'f': // float
| 	  fnumber = va_arg (args_copy, double);
| 	  break;
| 	default:
| 	  break;
| 	}
|     }
|   va_end (args_copy);
|   va_end (args);
| }
| 
| int
| main ()
| {
| 
|   // Check bool.
|   _Bool success = false;
| 
|   // Check restrict.
|   if (test_restrict ("String literal") == 0)
|     success = true;
|   char *restrict newvar = "Another string";
| 
|   // Check varargs.
|   test_varargs ("s, d' f .", "string", 65, 34.234);
|   test_varargs_macros ();
| 
|   // Check flexible array members.
|   struct incomplete_array *ia =
|     malloc (sizeof (struct incomplete_array) + (sizeof (double) * 10));
|   ia->datasize = 10;
|   for (int i = 0; i < ia->datasize; ++i)
|     ia->data[i] = i * 1.234;
| 
|   // Check named initializers.
|   struct named_init ni = {
|     .number = 34,
|     .name = L"Test wide string",
|     .average = 543.34343,
|   };
| 
|   ni.number = 58;
| 
|   int dynamic_array[ni.number];
|   dynamic_array[ni.number - 1] = 543;
| 
|   // work around unused variable warnings
|   return (!success || bignum == 0LL || ubignum == 0uLL || newvar[0] == 'x'
| 	  || dynamic_array[ni.number - 1] != 543);
| 
|   ;
|   return 0;
| }
configure:4254: gcc -std=gnu99 -c -fvisibility=hidden  conftest.c >&5
configure:4254: $? = 0
configure:4274: result: -std=gnu99
configure:4311: checking build system type
configure:4325: result: x86_64-unknown-linux-gnu
configure:4345: checking host system type
configure:4358: result: x86_64-unknown-linux-gnu
configure:4378: checking for a sed that does not truncate output
configure:4442: result: /bin/sed
configure:4460: checking for grep that handles long lines and -e
configure:4518: result: /bin/grep
configure:4523: checking for egrep
configure:4585: result: /bin/grep -E
configure:4590: checking for fgrep
configure:4652: result: /bin/grep -F
configure:4687: checking for ld used by gcc -std=gnu99
configure:4754: result: /usr/bin/ld
configure:4761: checking if the linker (/usr/bin/ld) is GNU ld
configure:4776: result: yes
configure:4788: checking for BSD- or MS-compatible name lister (nm)
configure:4837: result: /usr/bin/nm -B
configure:4955: checking the name lister (/usr/bin/nm -B) interface
configure:4962: gcc -std=gnu99 -c -fvisibility=hidden  conftest.c >&5
configure:4965: /usr/bin/nm -B "conftest.o"
configure:4968: output
0000000000000000 B some_variable
configure:4975: result: BSD nm
configure:4978: checking whether ln -s works
configure:4982: result: yes
configure:4990: checking the maximum length of command line arguments
configure:5110: result: 1572864
configure:5127: checking whether the shell understands some XSI constructs
configure:5137: result: yes
configure:5141: checking whether the shell understands "+="
configure:5147: result: yes
configure:5182: checking for /usr/bin/ld option to reload object files
configure:5189: result: -r
configure:5258: checking for objdump
configure:5274: found /usr/bin/objdump
configure:5285: result: objdump
configure:5317: checking how to recognize dependent libraries
configure:5513: result: pass_all
configure:5573: checking for ar
configure:5589: found /usr/bin/ar
configure:5600: result: ar
configure:5678: checking for strip
configure:5694: found /usr/bin/strip
configure:5705: result: strip
configure:5777: checking for ranlib
configure:5793: found /usr/bin/ranlib
configure:5804: result: ranlib
configure:5894: checking command to parse /usr/bin/nm -B output from gcc -std=gnu99 object
configure:6012: gcc -std=gnu99 -c -fvisibility=hidden  conftest.c >&5
configure:6015: $? = 0
configure:6019: /usr/bin/nm -B conftest.o \| sed -n -e 's/^.*[	 ]\([ABCDGIRSTW][ABCDGIRSTW]*\)[	 ][	 ]*\([_A-Za-z][_A-Za-z0-9]*\)$/\1 \2 \2/p' \> conftest.nm
configure:6022: $? = 0
configure:6076: gcc -std=gnu99 -o conftest -fvisibility=hidden   conftest.c conftstm.o >&5
configure:6079: $? = 0
configure:6117: result: ok
configure:6213: gcc -std=gnu99 -c -fvisibility=hidden  conftest.c >&5
configure:6216: $? = 0
configure:6926: checking how to run the C preprocessor
configure:6957: gcc -std=gnu99 -E  conftest.c
configure:6957: $? = 0
configure:6971: gcc -std=gnu99 -E  conftest.c
conftest.c:9:28: fatal error: ac_nonexistent.h: No such file or directory
compilation terminated.
configure:6971: $? = 1
configure: failed program was:
| /* confdefs.h */
| #define PACKAGE_NAME "OpenPGM"
| #define PACKAGE_TARNAME "openpgm"
| #define PACKAGE_VERSION "5.1"
| #define PACKAGE_STRING "OpenPGM 5.1"
| #define PACKAGE_BUGREPORT "openpgm-dev@googlegroups.com"
| #define PACKAGE_URL "http://code.google.com/p/openpgm/"
| /* end confdefs.h.  */
| #include <ac_nonexistent.h>
configure:6996: result: gcc -std=gnu99 -E
configure:7016: gcc -std=gnu99 -E  conftest.c
configure:7016: $? = 0
configure:7030: gcc -std=gnu99 -E  conftest.c
conftest.c:9:28: fatal error: ac_nonexistent.h: No such file or directory
compilation terminated.
configure:7030: $? = 1
configure: failed program was:
| /* confdefs.h */
| #define PACKAGE_NAME "OpenPGM"
| #define PACKAGE_TARNAME "openpgm"
| #define PACKAGE_VERSION "5.1"
| #define PACKAGE_STRING "OpenPGM 5.1"
| #define PACKAGE_BUGREPORT "openpgm-dev@googlegroups.com"
| #define PACKAGE_URL "http://code.google.com/p/openpgm/"
| /* end confdefs.h.  */
| #include <ac_nonexistent.h>
configure:7059: checking for ANSI C header files
configure:7079: gcc -std=gnu99 -c -fvisibility=hidden  conftest.c >&5
configure:7079: $? = 0
configure:7152: gcc -std=gnu99 -o conftest -fvisibility=hidden   conftest.c  >&5
configure:7152: $? = 0
configure:7152: ./conftest
configure:7152: $? = 0
configure:7163: result: yes
configure:7176: checking for sys/types.h
configure:7176: gcc -std=gnu99 -c -fvisibility=hidden  conftest.c >&5
configure:7176: $? = 0
configure:7176: result: yes
configure:7176: checking for sys/stat.h
configure:7176: gcc -std=gnu99 -c -fvisibility=hidden  conftest.c >&5
configure:7176: $? = 0
configure:7176: result: yes
configure:7176: checking for stdlib.h
configure:7176: gcc -std=gnu99 -c -fvisibility=hidden  conftest.c >&5
configure:7176: $? = 0
configure:7176: result: yes
configure:7176: checking for string.h
configure:7176: gcc -std=gnu99 -c -fvisibility=hidden  conftest.c >&5
configure:7176: $? = 0
configure:7176: result: yes
configure:7176: checking for memory.h
configure:7176: gcc -std=gnu99 -c -fvisibility=hidden  conftest.c >&5
configure:7176: $? = 0
configure:7176: result: yes
configure:7176: checking for strings.h
configure:7176: gcc -std=gnu99 -c -fvisibility=hidden  conftest.c >&5
configure:7176: $? = 0
configure:7176: result: yes
configure:7176: checking for inttypes.h
configure:7176: gcc -std=gnu99 -c -fvisibility=hidden  conftest.c >&5
configure:7176: $? = 0
configure:7176: result: yes
configure:7176: checking for stdint.h
configure:7176: gcc -std=gnu99 -c -fvisibility=hidden  conftest.c >&5
configure:7176: $? = 0
configure:7176: result: yes
configure:7176: checking for unistd.h
configure:7176: gcc -std=gnu99 -c -fvisibility=hidden  conftest.c >&5
configure:7176: $? = 0
configure:7176: result: yes
configure:7190: checking for dlfcn.h
configure:7190: gcc -std=gnu99 -c -fvisibility=hidden  conftest.c >&5
configure:7190: $? = 0
configure:7190: result: yes
configure:7374: checking for objdir
configure:7389: result: .libs
configure:7681: checking if gcc -std=gnu99 supports -fno-rtti -fno-exceptions
configure:7699: gcc -std=gnu99 -c -fvisibility=hidden  -fno-rtti -fno-exceptions conftest.c >&5
cc1: warning: command line option '-fno-rtti' is valid for C++/ObjC++ but not for C [enabled by default]
configure:7703: $? = 0
configure:7716: result: no
configure:7736: checking for gcc -std=gnu99 option to produce PIC
configure:8008: result: -fPIC -DPIC
configure:8020: checking if gcc -std=gnu99 PIC flag -fPIC -DPIC works
configure:8038: gcc -std=gnu99 -c -fvisibility=hidden  -fPIC -DPIC -DPIC conftest.c >&5
configure:8042: $? = 0
configure:8055: result: yes
configure:8079: checking if gcc -std=gnu99 static flag -static works
configure:8107: result: yes
configure:8122: checking if gcc -std=gnu99 supports -c -o file.o
configure:8143: gcc -std=gnu99 -c -fvisibility=hidden  -o out/conftest2.o conftest.c >&5
configure:8147: $? = 0
configure:8169: result: yes
configure:8177: checking if gcc -std=gnu99 supports -c -o file.o
configure:8224: result: yes
configure:8257: checking whether the gcc -std=gnu99 linker (/usr/bin/ld -m elf_x86_64) supports shared libraries
configure:9248: result: yes
configure:9285: checking whether -lc should be explicitly linked in
configure:9290: gcc -std=gnu99 -c -fvisibility=hidden  conftest.c >&5
configure:9293: $? = 0
configure:9308: gcc -std=gnu99 -shared conftest.o  -v -Wl,-soname -Wl,conftest -o conftest 2\>\&1 \| /bin/grep  -lc  \>/dev/null 2\>\&1
configure:9311: $? = 0
configure:9323: result: no
configure:9487: checking dynamic linker characteristics
configure:9920: gcc -std=gnu99 -o conftest -fvisibility=hidden   -Wl,-rpath -Wl,/foo conftest.c  >&5
configure:9920: $? = 0
configure:10150: result: GNU/Linux ld.so
configure:10252: checking how to hardcode library paths into programs
configure:10277: result: immediate
configure:10797: checking whether stripping libraries is possible
configure:10802: result: yes
configure:10837: checking if libtool supports shared libraries
configure:10839: result: yes
configure:10842: checking whether to build shared libraries
configure:10863: result: yes
configure:10866: checking whether to build static libraries
configure:10870: result: yes
configure:10907: checking for perl
configure:10925: found /usr/bin/perl
configure:10937: result: /usr/bin/perl
configure:10947: checking for python
configure:10965: found /usr/bin/python
configure:10977: result: /usr/bin/python
configure:11232: checking for library containing sqrt
configure:11263: gcc -std=gnu99 -o conftest -fvisibility=hidden -D_REENTRANT -D_XOPEN_SOURCE=600 -D_BSD_SOURCE   conftest.c  >&5
conftest.c:28:6: warning: conflicting types for built-in function 'sqrt' [enabled by default]
/tmp/ccnJPfJ2.o: In function `main':
conftest.c:(.text+0xa): undefined reference to `sqrt'
collect2: error: ld returned 1 exit status
configure:11263: $? = 1
configure: failed program was:
| /* confdefs.h */
| #define PACKAGE_NAME "OpenPGM"
| #define PACKAGE_TARNAME "openpgm"
| #define PACKAGE_VERSION "5.1"
| #define PACKAGE_STRING "OpenPGM 5.1"
| #define PACKAGE_BUGREPORT "openpgm-dev@googlegroups.com"
| #define PACKAGE_URL "http://code.google.com/p/openpgm/"
| #define STDC_HEADERS 1
| #define HAVE_SYS_TYPES_H 1
| #define HAVE_SYS_STAT_H 1
| #define HAVE_STDLIB_H 1
| #define HAVE_STRING_H 1
| #define HAVE_MEMORY_H 1
| #define HAVE_STRINGS_H 1
| #define HAVE_INTTYPES_H 1
| #define HAVE_STDINT_H 1
| #define HAVE_UNISTD_H 1
| #define HAVE_DLFCN_H 1
| #define LT_OBJDIR ".libs/"
| /* end confdefs.h.  */
| 
| /* Override any GCC internal prototype to avoid an error.
|    Use char because int might match the return type of a GCC
|    builtin and then its argument prototype would still apply.  */
| #ifdef __cplusplus
| extern "C"
| #endif
| char sqrt ();
| int
| main ()
| {
| return sqrt ();
|   ;
|   return 0;
| }
configure:11263: gcc -std=gnu99 -o conftest -fvisibility=hidden -D_REENTRANT -D_XOPEN_SOURCE=600 -D_BSD_SOURCE   conftest.c -lm   >&5
conftest.c:28:6: warning: conflicting types for built-in function 'sqrt' [enabled by default]
configure:11263: $? = 0
configure:11280: result: -lm
configure:11288: checking for library containing pthread_mutex_trylock
configure:11319: gcc -std=gnu99 -o conftest -fvisibility=hidden -D_REENTRANT -D_XOPEN_SOURCE=600 -D_BSD_SOURCE   conftest.c -lm  >&5
/tmp/ccj8Zmdd.o: In function `main':
conftest.c:(.text+0xa): undefined reference to `pthread_mutex_trylock'
collect2: error: ld returned 1 exit status
configure:11319: $? = 1
configure: failed program was:
| /* confdefs.h */
| #define PACKAGE_NAME "OpenPGM"
| #define PACKAGE_TARNAME "openpgm"
| #define PACKAGE_VERSION "5.1"
| #define PACKAGE_STRING "OpenPGM 5.1"
| #define PACKAGE_BUGREPORT "openpgm-dev@googlegroups.com"
| #define PACKAGE_URL "http://code.google.com/p/openpgm/"
| #define STDC_HEADERS 1
| #define HAVE_SYS_TYPES_H 1
| #define HAVE_SYS_STAT_H 1
| #define HAVE_STDLIB_H 1
| #define HAVE_STRING_H 1
| #define HAVE_MEMORY_H 1
| #define HAVE_STRINGS_H 1
| #define HAVE_INTTYPES_H 1
| #define HAVE_STDINT_H 1
| #define HAVE_UNISTD_H 1
| #define HAVE_DLFCN_H 1
| #define LT_OBJDIR ".libs/"
| /* end confdefs.h.  */
| 
| /* Override any GCC internal prototype to avoid an error.
|    Use char because int might match the return type of a GCC
|    builtin and then its argument prototype would still apply.  */
| #ifdef __cplusplus
| extern "C"
| #endif
| char pthread_mutex_trylock ();
| int
| main ()
| {
| return pthread_mutex_trylock ();
|   ;
|   return 0;
| }
configure:11319: gcc -std=gnu99 -o conftest -fvisibility=hidden -D_REENTRANT -D_XOPEN_SOURCE=600 -D_BSD_SOURCE   conftest.c -lpthread  -lm  >&5
configure:11319: $? = 0
configure:11336: result: -lpthread
configure:11344: checking for library containing clock_gettime
configure:11375: gcc -std=gnu99 -o conftest -fvisibility=hidden -D_REENTRANT -D_XOPEN_SOURCE=600 -D_BSD_SOURCE   conftest.c -lpthread -lm  >&5
/tmp/cch7cotp.o: In function `main':
conftest.c:(.text+0xa): undefined reference to `clock_gettime'
collect2: error: ld returned 1 exit status
configure:11375: $? = 1
configure: failed program was:
| /* confdefs.h */
| #define PACKAGE_NAME "OpenPGM"
| #define PACKAGE_TARNAME "openpgm"
| #define PACKAGE_VERSION "5.1"
| #define PACKAGE_STRING "OpenPGM 5.1"
| #define PACKAGE_BUGREPORT "openpgm-dev@googlegroups.com"
| #define PACKAGE_URL "http://code.google.com/p/openpgm/"
| #define STDC_HEADERS 1
| #define HAVE_SYS_TYPES_H 1
| #define HAVE_SYS_STAT_H 1
| #define HAVE_STDLIB_H 1
| #define HAVE_STRING_H 1
| #define HAVE_MEMORY_H 1
| #define HAVE_STRINGS_H 1
| #define HAVE_INTTYPES_H 1
| #define HAVE_STDINT_H 1
| #define HAVE_UNISTD_H 1
| #define HAVE_DLFCN_H 1
| #define LT_OBJDIR ".libs/"
| /* end confdefs.h.  */
| 
| /* Override any GCC internal prototype to avoid an error.
|    Use char because int might match the return type of a GCC
|    builtin and then its argument prototype would still apply.  */
| #ifdef __cplusplus
| extern "C"
| #endif
| char clock_gettime ();
| int
| main ()
| {
| return clock_gettime ();
|   ;
|   return 0;
| }
configure:11375: gcc -std=gnu99 -o conftest -fvisibility=hidden -D_REENTRANT -D_XOPEN_SOURCE=600 -D_BSD_SOURCE   conftest.c -lrt  -lpthread -lm  >&5
configure:11375: $? = 0
configure:11392: result: -lrt
configure:11404: checking for working alloca.h
configure:11421: gcc -std=gnu99 -o conftest -fvisibility=hidden -D_REENTRANT -D_XOPEN_SOURCE=600 -D_BSD_SOURCE   conftest.c -lrt -lpthread -lm  >&5
configure:11421: $? = 0
configure:11429: result: yes
configure:11437: checking for alloca
configure:11474: gcc -std=gnu99 -o conftest -fvisibility=hidden -D_REENTRANT -D_XOPEN_SOURCE=600 -D_BSD_SOURCE   conftest.c -lrt -lpthread -lm  >&5
configure:11474: $? = 0
configure:11482: result: yes
configure:11594: checking arpa/inet.h usability
configure:11594: gcc -std=gnu99 -c -fvisibility=hidden -D_REENTRANT -D_XOPEN_SOURCE=600 -D_BSD_SOURCE  conftest.c >&5
configure:11594: $? = 0
configure:11594: result: yes
configure:11594: checking arpa/inet.h presence
configure:11594: gcc -std=gnu99 -E  conftest.c
configure:11594: $? = 0
configure:11594: result: yes
configure:11594: checking for arpa/inet.h
configure:11594: result: yes
configure:11594: checking fcntl.h usability
configure:11594: gcc -std=gnu99 -c -fvisibility=hidden -D_REENTRANT -D_XOPEN_SOURCE=600 -D_BSD_SOURCE  conftest.c >&5
configure:11594: $? = 0
configure:11594: result: yes
configure:11594: checking fcntl.h presence
configure:11594: gcc -std=gnu99 -E  conftest.c
configure:11594: $? = 0
configure:11594: result: yes
configure:11594: checking for fcntl.h
configure:11594: result: yes
configure:11594: checking float.h usability
configure:11594: gcc -std=gnu99 -c -fvisibility=hidden -D_REENTRANT -D_XOPEN_SOURCE=600 -D_BSD_SOURCE  conftest.c >&5
configure:11594: $? = 0
configure:11594: result: yes
configure:11594: checking float.h presence
configure:11594: gcc -std=gnu99 -E  conftest.c
configure:11594: $? = 0
configure:11594: result: yes
configure:11594: checking for float.h
configure:11594: result: yes
configure:11594: checking for inttypes.h
configure:11594: result: yes
configure:11594: checking libintl.h usability
configure:11594: gcc -std=gnu99 -c -fvisibility=hidden -D_REENTRANT -D_XOPEN_SOURCE=600 -D_BSD_SOURCE  conftest.c >&5
configure:11594: $? = 0
configure:11594: result: yes
configure:11594: checking libintl.h presence
configure:11594: gcc -std=gnu99 -E  conftest.c
configure:11594: $? = 0
configure:11594: result: yes
configure:11594: checking for libintl.h
configure:11594: result: yes
configure:11594: checking limits.h usability
configure:11594: gcc -std=gnu99 -c -fvisibility=hidden -D_REENTRANT -D_XOPEN_SOURCE=600 -D_BSD_SOURCE  conftest.c >&5
configure:11594: $? = 0
configure:11594: result: yes
configure:11594: checking limits.h presence
configure:11594: gcc -std=gnu99 -E  conftest.c
configure:11594: $? = 0
configure:11594: result: yes
configure:11594: checking for limits.h
configure:11594: result: yes
configure:11594: checking locale.h usability
configure:11594: gcc -std=gnu99 -c -fvisibility=hidden -D_REENTRANT -D_XOPEN_SOURCE=600 -D_BSD_SOURCE  conftest.c >&5
configure:11594: $? = 0
configure:11594: result: yes
configure:11594: checking locale.h presence
configure:11594: gcc -std=gnu99 -E  conftest.c
configure:11594: $? = 0
configure:11594: result: yes
configure:11594: checking for locale.h
configure:11594: result: yes
configure:11594: checking malloc.h usability
configure:11594: gcc -std=gnu99 -c -fvisibility=hidden -D_REENTRANT -D_XOPEN_SOURCE=600 -D_BSD_SOURCE  conftest.c >&5
configure:11594: $? = 0
configure:11594: result: yes
configure:11594: checking malloc.h presence
configure:11594: gcc -std=gnu99 -E  conftest.c
configure:11594: $? = 0
configure:11594: result: yes
configure:11594: checking for malloc.h
configure:11594: result: yes
configure:11594: checking for memory.h
configure:11594: result: yes
configure:11594: checking netdb.h usability
configure:11594: gcc -std=gnu99 -c -fvisibility=hidden -D_REENTRANT -D_XOPEN_SOURCE=600 -D_BSD_SOURCE  conftest.c >&5
configure:11594: $? = 0
configure:11594: result: yes
configure:11594: checking netdb.h presence
configure:11594: gcc -std=gnu99 -E  conftest.c
configure:11594: $? = 0
configure:11594: result: yes
configure:11594: checking for netdb.h
configure:11594: result: yes
configure:11594: checking netinet/in.h usability
configure:11594: gcc -std=gnu99 -c -fvisibility=hidden -D_REENTRANT -D_XOPEN_SOURCE=600 -D_BSD_SOURCE  conftest.c >&5
configure:11594: $? = 0
configure:11594: result: yes
configure:11594: checking netinet/in.h presence
configure:11594: gcc -std=gnu99 -E  conftest.c
configure:11594: $? = 0
configure:11594: result: yes
configure:11594: checking for netinet/in.h
configure:11594: result: yes
configure:11594: checking stddef.h usability
configure:11594: gcc -std=gnu99 -c -fvisibility=hidden -D_REENTRANT -D_XOPEN_SOURCE=600 -D_BSD_SOURCE  conftest.c >&5
configure:11594: $? = 0
configure:11594: result: yes
configure:11594: checking stddef.h presence
configure:11594: gcc -std=gnu99 -E  conftest.c
configure:11594: $? = 0
configure:11594: result: yes
configure:11594: checking for stddef.h
configure:11594: result: yes
configure:11594: checking for stdint.h
configure:11594: result: yes
configure:11594: checking for stdlib.h
configure:11594: result: yes
configure:11594: checking for string.h
configure:11594: result: yes
configure:11594: checking for strings.h
configure:11594: result: yes
configure:11594: checking sys/ioctl.h usability
configure:11594: gcc -std=gnu99 -c -fvisibility=hidden -D_REENTRANT -D_XOPEN_SOURCE=600 -D_BSD_SOURCE  conftest.c >&5
configure:11594: $? = 0
configure:11594: result: yes
configure:11594: checking sys/ioctl.h presence
configure:11594: gcc -std=gnu99 -E  conftest.c
configure:11594: $? = 0
configure:11594: result: yes
configure:11594: checking for sys/ioctl.h
configure:11594: result: yes
configure:11594: checking sys/param.h usability
configure:11594: gcc -std=gnu99 -c -fvisibility=hidden -D_REENTRANT -D_XOPEN_SOURCE=600 -D_BSD_SOURCE  conftest.c >&5
configure:11594: $? = 0
configure:11594: result: yes
configure:11594: checking sys/param.h presence
configure:11594: gcc -std=gnu99 -E  conftest.c
configure:11594: $? = 0
configure:11594: result: yes
configure:11594: checking for sys/param.h
configure:11594: result: yes
configure:11594: checking sys/socket.h usability
configure:11594: gcc -std=gnu99 -c -fvisibility=hidden -D_REENTRANT -D_XOPEN_SOURCE=600 -D_BSD_SOURCE  conftest.c >&5
configure:11594: $? = 0
configure:11594: result: yes
configure:11594: checking sys/socket.h presence
configure:11594: gcc -std=gnu99 -E  conftest.c
configure:11594: $? = 0
configure:11594: result: yes
configure:11594: checking for sys/socket.h
configure:11594: result: yes
configure:11594: checking sys/time.h usability
configure:11594: gcc -std=gnu99 -c -fvisibility=hidden -D_REENTRANT -D_XOPEN_SOURCE=600 -D_BSD_SOURCE  conftest.c >&5
configure:11594: $? = 0
configure:11594: result: yes
configure:11594: checking sys/time.h presence
configure:11594: gcc -std=gnu99 -E  conftest.c
configure:11594: $? = 0
configure:11594: result: yes
configure:11594: checking for sys/time.h
configure:11594: result: yes
configure:11594: checking sys/timeb.h usability
configure:11594: gcc -std=gnu99 -c -fvisibility=hidden -D_REENTRANT -D_XOPEN_SOURCE=600 -D_BSD_SOURCE  conftest.c >&5
configure:11594: $? = 0
configure:11594: result: yes
configure:11594: checking sys/timeb.h presence
configure:11594: gcc -std=gnu99 -E  conftest.c
configure:11594: $? = 0
configure:11594: result: yes
configure:11594: checking for sys/timeb.h
configure:11594: result: yes
configure:11594: checking syslog.h usability
configure:11594: gcc -std=gnu99 -c -fvisibility=hidden -D_REENTRANT -D_XOPEN_SOURCE=600 -D_BSD_SOURCE  conftest.c >&5
configure:11594: $? = 0
configure:11594: result: yes
configure:11594: checking syslog.h presence
configure:11594: gcc -std=gnu99 -E  conftest.c
configure:11594: $? = 0
configure:11594: result: yes
configure:11594: checking for syslog.h
configure:11594: result: yes
configure:11594: checking for unistd.h
configure:11594: result: yes
configure:11594: checking wchar.h usability
configure:11594: gcc -std=gnu99 -c -fvisibility=hidden -D_REENTRANT -D_XOPEN_SOURCE=600 -D_BSD_SOURCE  conftest.c >&5
configure:11594: $? = 0
configure:11594: result: yes
configure:11594: checking wchar.h presence
configure:11594: gcc -std=gnu99 -E  conftest.c
configure:11594: $? = 0
configure:11594: result: yes
configure:11594: checking for wchar.h
configure:11594: result: yes
configure:11606: checking for stdbool.h that conforms to C99
configure:11691: gcc -std=gnu99 -c -fvisibility=hidden -D_REENTRANT -D_XOPEN_SOURCE=600 -D_BSD_SOURCE  conftest.c >&5
configure:11691: $? = 0
configure:11698: result: yes
configure:11700: checking for _Bool
configure:11700: gcc -std=gnu99 -c -fvisibility=hidden -D_REENTRANT -D_XOPEN_SOURCE=600 -D_BSD_SOURCE  conftest.c >&5
configure:11700: $? = 0
configure:11700: gcc -std=gnu99 -c -fvisibility=hidden -D_REENTRANT -D_XOPEN_SOURCE=600 -D_BSD_SOURCE  conftest.c >&5
conftest.c: In function 'main':
conftest.c:83:20: error: expected expression before ')' token
configure:11700: $? = 1
configure: failed program was:
| /* confdefs.h */
| #define PACKAGE_NAME "OpenPGM"
| #define PACKAGE_TARNAME "openpgm"
| #define PACKAGE_VERSION "5.1"
| #define PACKAGE_STRING "OpenPGM 5.1"
| #define PACKAGE_BUGREPORT "openpgm-dev@googlegroups.com"
| #define PACKAGE_URL "http://code.google.com/p/openpgm/"
| #define STDC_HEADERS 1
| #define HAVE_SYS_TYPES_H 1
| #define HAVE_SYS_STAT_H 1
| #define HAVE_STDLIB_H 1
| #define HAVE_STRING_H 1
| #define HAVE_MEMORY_H 1
| #define HAVE_STRINGS_H 1
| #define HAVE_INTTYPES_H 1
| #define HAVE_STDINT_H 1
| #define HAVE_UNISTD_H 1
| #define HAVE_DLFCN_H 1
| #define LT_OBJDIR ".libs/"
| #define HAVE_ALLOCA_H 1
| #define HAVE_ALLOCA 1
| #define HAVE_ARPA_INET_H 1
| #define HAVE_FCNTL_H 1
| #define HAVE_FLOAT_H 1
| #define HAVE_INTTYPES_H 1
| #define HAVE_LIBINTL_H 1
| #define HAVE_LIMITS_H 1
| #define HAVE_LOCALE_H 1
| #define HAVE_MALLOC_H 1
| #define HAVE_MEMORY_H 1
| #define HAVE_NETDB_H 1
| #define HAVE_NETINET_IN_H 1
| #define HAVE_STDDEF_H 1
| #define HAVE_STDINT_H 1
| #define HAVE_STDLIB_H 1
| #define HAVE_STRING_H 1
| #define HAVE_STRINGS_H 1
| #define HAVE_SYS_IOCTL_H 1
| #define HAVE_SYS_PARAM_H 1
| #define HAVE_SYS_SOCKET_H 1
| #define HAVE_SYS_TIME_H 1
| #define HAVE_SYS_TIMEB_H 1
| #define HAVE_SYSLOG_H 1
| #define HAVE_UNISTD_H 1
| #define HAVE_WCHAR_H 1
| /* end confdefs.h.  */
| #include <stdio.h>
| #ifdef HAVE_SYS_TYPES_H
| # include <sys/types.h>
| #endif
| #ifdef HAVE_SYS_STAT_H
| # include <sys/stat.h>
| #endif
| #ifdef STDC_HEADERS
| # include <stdlib.h>
| # include <stddef.h>
| #else
| # ifdef HAVE_STDLIB_H
| #  include <stdlib.h>
| # endif
| #endif
| #ifdef HAVE_STRING_H
| # if !defined STDC_HEADERS && defined HAVE_MEMORY_H
| #  include <memory.h>
| # endif
| # include <string.h>
| #endif
| #ifdef HAVE_STRINGS_H
| # include <strings.h>
| #endif
| #ifdef HAVE_INTTYPES_H
| # include <inttypes.h>
| #endif
| #ifdef HAVE_STDINT_H
| # include <stdint.h>
| #endif
| #ifdef HAVE_UNISTD_H
| # include <unistd.h>
| #endif
| int
| main ()
| {
| if (sizeof ((_Bool)))
| 	    return 0;
|   ;
|   return 0;
| }
configure:11700: result: yes
configure:11716: checking for uid_t in sys/types.h
configure:11735: result: yes
configure:11746: checking for inline
configure:11762: gcc -std=gnu99 -c -fvisibility=hidden -D_REENTRANT -D_XOPEN_SOURCE=600 -D_BSD_SOURCE  conftest.c >&5
configure:11762: $? = 0
configure:11770: result: inline
configure:11788: checking for int16_t
configure:11788: gcc -std=gnu99 -c -fvisibility=hidden -D_REENTRANT -D_XOPEN_SOURCE=600 -D_BSD_SOURCE  conftest.c >&5
configure:11788: $? = 0
configure:11788: gcc -std=gnu99 -c -fvisibility=hidden -D_REENTRANT -D_XOPEN_SOURCE=600 -D_BSD_SOURCE  conftest.c >&5
conftest.c: In function 'main':
conftest.c:86:12: error: size of array 'test_array' is negative
configure:11788: $? = 1
configure: failed program was:
| /* confdefs.h */
| #define PACKAGE_NAME "OpenPGM"
| #define PACKAGE_TARNAME "openpgm"
| #define PACKAGE_VERSION "5.1"
| #define PACKAGE_STRING "OpenPGM 5.1"
| #define PACKAGE_BUGREPORT "openpgm-dev@googlegroups.com"
| #define PACKAGE_URL "http://code.google.com/p/openpgm/"
| #define STDC_HEADERS 1
| #define HAVE_SYS_TYPES_H 1
| #define HAVE_SYS_STAT_H 1
| #define HAVE_STDLIB_H 1
| #define HAVE_STRING_H 1
| #define HAVE_MEMORY_H 1
| #define HAVE_STRINGS_H 1
| #define HAVE_INTTYPES_H 1
| #define HAVE_STDINT_H 1
| #define HAVE_UNISTD_H 1
| #define HAVE_DLFCN_H 1
| #define LT_OBJDIR ".libs/"
| #define HAVE_ALLOCA_H 1
| #define HAVE_ALLOCA 1
| #define HAVE_ARPA_INET_H 1
| #define HAVE_FCNTL_H 1
| #define HAVE_FLOAT_H 1
| #define HAVE_INTTYPES_H 1
| #define HAVE_LIBINTL_H 1
| #define HAVE_LIMITS_H 1
| #define HAVE_LOCALE_H 1
| #define HAVE_MALLOC_H 1
| #define HAVE_MEMORY_H 1
| #define HAVE_NETDB_H 1
| #define HAVE_NETINET_IN_H 1
| #define HAVE_STDDEF_H 1
| #define HAVE_STDINT_H 1
| #define HAVE_STDLIB_H 1
| #define HAVE_STRING_H 1
| #define HAVE_STRINGS_H 1
| #define HAVE_SYS_IOCTL_H 1
| #define HAVE_SYS_PARAM_H 1
| #define HAVE_SYS_SOCKET_H 1
| #define HAVE_SYS_TIME_H 1
| #define HAVE_SYS_TIMEB_H 1
| #define HAVE_SYSLOG_H 1
| #define HAVE_UNISTD_H 1
| #define HAVE_WCHAR_H 1
| #define HAVE__BOOL 1
| #define HAVE_STDBOOL_H 1
| /* end confdefs.h.  */
| #include <stdio.h>
| #ifdef HAVE_SYS_TYPES_H
| # include <sys/types.h>
| #endif
| #ifdef HAVE_SYS_STAT_H
| # include <sys/stat.h>
| #endif
| #ifdef STDC_HEADERS
| # include <stdlib.h>
| # include <stddef.h>
| #else
| # ifdef HAVE_STDLIB_H
| #  include <stdlib.h>
| # endif
| #endif
| #ifdef HAVE_STRING_H
| # if !defined STDC_HEADERS && defined HAVE_MEMORY_H
| #  include <memory.h>
| # endif
| # include <string.h>
| #endif
| #ifdef HAVE_STRINGS_H
| # include <strings.h>
| #endif
| #ifdef HAVE_INTTYPES_H
| # include <inttypes.h>
| #endif
| #ifdef HAVE_STDINT_H
| # include <stdint.h>
| #endif
| #ifdef HAVE_UNISTD_H
| # include <unistd.h>
| #endif
| 	        enum { N = 16 / 2 - 1 };
| int
| main ()
| {
| static int test_array [1 - 2 * !((int16_t) (((((int16_t) 1 << N) << N) - 1) * 2 + 1)
| 		 < (int16_t) (((((int16_t) 1 << N) << N) - 1) * 2 + 2))];
| test_array [0] = 0
| 
|   ;
|   return 0;
| }
configure:11788: result: yes
configure:11799: checking for int32_t
configure:11799: gcc -std=gnu99 -c -fvisibility=hidden -D_REENTRANT -D_XOPEN_SOURCE=600 -D_BSD_SOURCE  conftest.c >&5
configure:11799: $? = 0
configure:11799: gcc -std=gnu99 -c -fvisibility=hidden -D_REENTRANT -D_XOPEN_SOURCE=600 -D_BSD_SOURCE  conftest.c >&5
conftest.c: In function 'main':
conftest.c:87:53: warning: integer overflow in expression [-Woverflow]
conftest.c:86:12: error: storage size of 'test_array' isn't constant
configure:11799: $? = 1
configure: failed program was:
| /* confdefs.h */
| #define PACKAGE_NAME "OpenPGM"
| #define PACKAGE_TARNAME "openpgm"
| #define PACKAGE_VERSION "5.1"
| #define PACKAGE_STRING "OpenPGM 5.1"
| #define PACKAGE_BUGREPORT "openpgm-dev@googlegroups.com"
| #define PACKAGE_URL "http://code.google.com/p/openpgm/"
| #define STDC_HEADERS 1
| #define HAVE_SYS_TYPES_H 1
| #define HAVE_SYS_STAT_H 1
| #define HAVE_STDLIB_H 1
| #define HAVE_STRING_H 1
| #define HAVE_MEMORY_H 1
| #define HAVE_STRINGS_H 1
| #define HAVE_INTTYPES_H 1
| #define HAVE_STDINT_H 1
| #define HAVE_UNISTD_H 1
| #define HAVE_DLFCN_H 1
| #define LT_OBJDIR ".libs/"
| #define HAVE_ALLOCA_H 1
| #define HAVE_ALLOCA 1
| #define HAVE_ARPA_INET_H 1
| #define HAVE_FCNTL_H 1
| #define HAVE_FLOAT_H 1
| #define HAVE_INTTYPES_H 1
| #define HAVE_LIBINTL_H 1
| #define HAVE_LIMITS_H 1
| #define HAVE_LOCALE_H 1
| #define HAVE_MALLOC_H 1
| #define HAVE_MEMORY_H 1
| #define HAVE_NETDB_H 1
| #define HAVE_NETINET_IN_H 1
| #define HAVE_STDDEF_H 1
| #define HAVE_STDINT_H 1
| #define HAVE_STDLIB_H 1
| #define HAVE_STRING_H 1
| #define HAVE_STRINGS_H 1
| #define HAVE_SYS_IOCTL_H 1
| #define HAVE_SYS_PARAM_H 1
| #define HAVE_SYS_SOCKET_H 1
| #define HAVE_SYS_TIME_H 1
| #define HAVE_SYS_TIMEB_H 1
| #define HAVE_SYSLOG_H 1
| #define HAVE_UNISTD_H 1
| #define HAVE_WCHAR_H 1
| #define HAVE__BOOL 1
| #define HAVE_STDBOOL_H 1
| /* end confdefs.h.  */
| #include <stdio.h>
| #ifdef HAVE_SYS_TYPES_H
| # include <sys/types.h>
| #endif
| #ifdef HAVE_SYS_STAT_H
| # include <sys/stat.h>
| #endif
| #ifdef STDC_HEADERS
| # include <stdlib.h>
| # include <stddef.h>
| #else
| # ifdef HAVE_STDLIB_H
| #  include <stdlib.h>
| # endif
| #endif
| #ifdef HAVE_STRING_H
| # if !defined STDC_HEADERS && defined HAVE_MEMORY_H
| #  include <memory.h>
| # endif
| # include <string.h>
| #endif
| #ifdef HAVE_STRINGS_H
| # include <strings.h>
| #endif
| #ifdef HAVE_INTTYPES_H
| # include <inttypes.h>
| #endif
| #ifdef HAVE_STDINT_H
| # include <stdint.h>
| #endif
| #ifdef HAVE_UNISTD_H
| # include <unistd.h>
| #endif
| 	        enum { N = 32 / 2 - 1 };
| int
| main ()
| {
| static int test_array [1 - 2 * !((int32_t) (((((int32_t) 1 << N) << N) - 1) * 2 + 1)
| 		 < (int32_t) (((((int32_t) 1 << N) << N) - 1) * 2 + 2))];
| test_array [0] = 0
| 
|   ;
|   return 0;
| }
configure:11799: result: yes
configure:11810: checking for int64_t
configure:11810: gcc -std=gnu99 -c -fvisibility=hidden -D_REENTRANT -D_XOPEN_SOURCE=600 -D_BSD_SOURCE  conftest.c >&5
configure:11810: $? = 0
configure:11810: gcc -std=gnu99 -c -fvisibility=hidden -D_REENTRANT -D_XOPEN_SOURCE=600 -D_BSD_SOURCE  conftest.c >&5
conftest.c: In function 'main':
conftest.c:87:53: warning: integer overflow in expression [-Woverflow]
conftest.c:86:12: error: storage size of 'test_array' isn't constant
configure:11810: $? = 1
configure: failed program was:
| /* confdefs.h */
| #define PACKAGE_NAME "OpenPGM"
| #define PACKAGE_TARNAME "openpgm"
| #define PACKAGE_VERSION "5.1"
| #define PACKAGE_STRING "OpenPGM 5.1"
| #define PACKAGE_BUGREPORT "openpgm-dev@googlegroups.com"
| #define PACKAGE_URL "http://code.google.com/p/openpgm/"
| #define STDC_HEADERS 1
| #define HAVE_SYS_TYPES_H 1
| #define HAVE_SYS_STAT_H 1
| #define HAVE_STDLIB_H 1
| #define HAVE_STRING_H 1
| #define HAVE_MEMORY_H 1
| #define HAVE_STRINGS_H 1
| #define HAVE_INTTYPES_H 1
| #define HAVE_STDINT_H 1
| #define HAVE_UNISTD_H 1
| #define HAVE_DLFCN_H 1
| #define LT_OBJDIR ".libs/"
| #define HAVE_ALLOCA_H 1
| #define HAVE_ALLOCA 1
| #define HAVE_ARPA_INET_H 1
| #define HAVE_FCNTL_H 1
| #define HAVE_FLOAT_H 1
| #define HAVE_INTTYPES_H 1
| #define HAVE_LIBINTL_H 1
| #define HAVE_LIMITS_H 1
| #define HAVE_LOCALE_H 1
| #define HAVE_MALLOC_H 1
| #define HAVE_MEMORY_H 1
| #define HAVE_NETDB_H 1
| #define HAVE_NETINET_IN_H 1
| #define HAVE_STDDEF_H 1
| #define HAVE_STDINT_H 1
| #define HAVE_STDLIB_H 1
| #define HAVE_STRING_H 1
| #define HAVE_STRINGS_H 1
| #define HAVE_SYS_IOCTL_H 1
| #define HAVE_SYS_PARAM_H 1
| #define HAVE_SYS_SOCKET_H 1
| #define HAVE_SYS_TIME_H 1
| #define HAVE_SYS_TIMEB_H 1
| #define HAVE_SYSLOG_H 1
| #define HAVE_UNISTD_H 1
| #define HAVE_WCHAR_H 1
| #define HAVE__BOOL 1
| #define HAVE_STDBOOL_H 1
| /* end confdefs.h.  */
| #include <stdio.h>
| #ifdef HAVE_SYS_TYPES_H
| # include <sys/types.h>
| #endif
| #ifdef HAVE_SYS_STAT_H
| # include <sys/stat.h>
| #endif
| #ifdef STDC_HEADERS
| # include <stdlib.h>
| # include <stddef.h>
| #else
| # ifdef HAVE_STDLIB_H
| #  include <stdlib.h>
| # endif
| #endif
| #ifdef HAVE_STRING_H
| # if !defined STDC_HEADERS && defined HAVE_MEMORY_H
| #  include <memory.h>
| # endif
| # include <string.h>
| #endif
| #ifdef HAVE_STRINGS_H
| # include <strings.h>
| #endif
| #ifdef HAVE_INTTYPES_H
| # include <inttypes.h>
| #endif
| #ifdef HAVE_STDINT_H
| # include <stdint.h>
| #endif
| #ifdef HAVE_UNISTD_H
| # include <unistd.h>
| #endif
| 	        enum { N = 64 / 2 - 1 };
| int
| main ()
| {
| static int test_array [1 - 2 * !((int64_t) (((((int64_t) 1 << N) << N) - 1) * 2 + 1)
| 		 < (int64_t) (((((int64_t) 1 << N) << N) - 1) * 2 + 2))];
| test_array [0] = 0
| 
|   ;
|   return 0;
| }
configure:11810: result: yes
configure:11821: checking for int8_t
configure:11821: gcc -std=gnu99 -c -fvisibility=hidden -D_REENTRANT -D_XOPEN_SOURCE=600 -D_BSD_SOURCE  conftest.c >&5
configure:11821: $? = 0
configure:11821: gcc -std=gnu99 -c -fvisibility=hidden -D_REENTRANT -D_XOPEN_SOURCE=600 -D_BSD_SOURCE  conftest.c >&5
conftest.c: In function 'main':
conftest.c:86:12: error: size of array 'test_array' is negative
configure:11821: $? = 1
configure: failed program was:
| /* confdefs.h */
| #define PACKAGE_NAME "OpenPGM"
| #define PACKAGE_TARNAME "openpgm"
| #define PACKAGE_VERSION "5.1"
| #define PACKAGE_STRING "OpenPGM 5.1"
| #define PACKAGE_BUGREPORT "openpgm-dev@googlegroups.com"
| #define PACKAGE_URL "http://code.google.com/p/openpgm/"
| #define STDC_HEADERS 1
| #define HAVE_SYS_TYPES_H 1
| #define HAVE_SYS_STAT_H 1
| #define HAVE_STDLIB_H 1
| #define HAVE_STRING_H 1
| #define HAVE_MEMORY_H 1
| #define HAVE_STRINGS_H 1
| #define HAVE_INTTYPES_H 1
| #define HAVE_STDINT_H 1
| #define HAVE_UNISTD_H 1
| #define HAVE_DLFCN_H 1
| #define LT_OBJDIR ".libs/"
| #define HAVE_ALLOCA_H 1
| #define HAVE_ALLOCA 1
| #define HAVE_ARPA_INET_H 1
| #define HAVE_FCNTL_H 1
| #define HAVE_FLOAT_H 1
| #define HAVE_INTTYPES_H 1
| #define HAVE_LIBINTL_H 1
| #define HAVE_LIMITS_H 1
| #define HAVE_LOCALE_H 1
| #define HAVE_MALLOC_H 1
| #define HAVE_MEMORY_H 1
| #define HAVE_NETDB_H 1
| #define HAVE_NETINET_IN_H 1
| #define HAVE_STDDEF_H 1
| #define HAVE_STDINT_H 1
| #define HAVE_STDLIB_H 1
| #define HAVE_STRING_H 1
| #define HAVE_STRINGS_H 1
| #define HAVE_SYS_IOCTL_H 1
| #define HAVE_SYS_PARAM_H 1
| #define HAVE_SYS_SOCKET_H 1
| #define HAVE_SYS_TIME_H 1
| #define HAVE_SYS_TIMEB_H 1
| #define HAVE_SYSLOG_H 1
| #define HAVE_UNISTD_H 1
| #define HAVE_WCHAR_H 1
| #define HAVE__BOOL 1
| #define HAVE_STDBOOL_H 1
| /* end confdefs.h.  */
| #include <stdio.h>
| #ifdef HAVE_SYS_TYPES_H
| # include <sys/types.h>
| #endif
| #ifdef HAVE_SYS_STAT_H
| # include <sys/stat.h>
| #endif
| #ifdef STDC_HEADERS
| # include <stdlib.h>
| # include <stddef.h>
| #else
| # ifdef HAVE_STDLIB_H
| #  include <stdlib.h>
| # endif
| #endif
| #ifdef HAVE_STRING_H
| # if !defined STDC_HEADERS && defined HAVE_MEMORY_H
| #  include <memory.h>
| # endif
| # include <string.h>
| #endif
| #ifdef HAVE_STRINGS_H
| # include <strings.h>
| #endif
| #ifdef HAVE_INTTYPES_H
| # include <inttypes.h>
| #endif
| #ifdef HAVE_STDINT_H
| # include <stdint.h>
| #endif
| #ifdef HAVE_UNISTD_H
| # include <unistd.h>
| #endif
| 	        enum { N = 8 / 2 - 1 };
| int
| main ()
| {
| static int test_array [1 - 2 * !((int8_t) (((((int8_t) 1 << N) << N) - 1) * 2 + 1)
| 		 < (int8_t) (((((int8_t) 1 << N) << N) - 1) * 2 + 2))];
| test_array [0] = 0
| 
|   ;
|   return 0;
| }
configure:11821: result: yes
configure:11832: checking for mode_t
configure:11832: gcc -std=gnu99 -c -fvisibility=hidden -D_REENTRANT -D_XOPEN_SOURCE=600 -D_BSD_SOURCE  conftest.c >&5
configure:11832: $? = 0
configure:11832: gcc -std=gnu99 -c -fvisibility=hidden -D_REENTRANT -D_XOPEN_SOURCE=600 -D_BSD_SOURCE  conftest.c >&5
conftest.c: In function 'main':
conftest.c:85:21: error: expected expression before ')' token
configure:11832: $? = 1
configure: failed program was:
| /* confdefs.h */
| #define PACKAGE_NAME "OpenPGM"
| #define PACKAGE_TARNAME "openpgm"
| #define PACKAGE_VERSION "5.1"
| #define PACKAGE_STRING "OpenPGM 5.1"
| #define PACKAGE_BUGREPORT "openpgm-dev@googlegroups.com"
| #define PACKAGE_URL "http://code.google.com/p/openpgm/"
| #define STDC_HEADERS 1
| #define HAVE_SYS_TYPES_H 1
| #define HAVE_SYS_STAT_H 1
| #define HAVE_STDLIB_H 1
| #define HAVE_STRING_H 1
| #define HAVE_MEMORY_H 1
| #define HAVE_STRINGS_H 1
| #define HAVE_INTTYPES_H 1
| #define HAVE_STDINT_H 1
| #define HAVE_UNISTD_H 1
| #define HAVE_DLFCN_H 1
| #define LT_OBJDIR ".libs/"
| #define HAVE_ALLOCA_H 1
| #define HAVE_ALLOCA 1
| #define HAVE_ARPA_INET_H 1
| #define HAVE_FCNTL_H 1
| #define HAVE_FLOAT_H 1
| #define HAVE_INTTYPES_H 1
| #define HAVE_LIBINTL_H 1
| #define HAVE_LIMITS_H 1
| #define HAVE_LOCALE_H 1
| #define HAVE_MALLOC_H 1
| #define HAVE_MEMORY_H 1
| #define HAVE_NETDB_H 1
| #define HAVE_NETINET_IN_H 1
| #define HAVE_STDDEF_H 1
| #define HAVE_STDINT_H 1
| #define HAVE_STDLIB_H 1
| #define HAVE_STRING_H 1
| #define HAVE_STRINGS_H 1
| #define HAVE_SYS_IOCTL_H 1
| #define HAVE_SYS_PARAM_H 1
| #define HAVE_SYS_SOCKET_H 1
| #define HAVE_SYS_TIME_H 1
| #define HAVE_SYS_TIMEB_H 1
| #define HAVE_SYSLOG_H 1
| #define HAVE_UNISTD_H 1
| #define HAVE_WCHAR_H 1
| #define HAVE__BOOL 1
| #define HAVE_STDBOOL_H 1
| /* end confdefs.h.  */
| #include <stdio.h>
| #ifdef HAVE_SYS_TYPES_H
| # include <sys/types.h>
| #endif
| #ifdef HAVE_SYS_STAT_H
| # include <sys/stat.h>
| #endif
| #ifdef STDC_HEADERS
| # include <stdlib.h>
| # include <stddef.h>
| #else
| # ifdef HAVE_STDLIB_H
| #  include <stdlib.h>
| # endif
| #endif
| #ifdef HAVE_STRING_H
| # if !defined STDC_HEADERS && defined HAVE_MEMORY_H
| #  include <memory.h>
| # endif
| # include <string.h>
| #endif
| #ifdef HAVE_STRINGS_H
| # include <strings.h>
| #endif
| #ifdef HAVE_INTTYPES_H
| # include <inttypes.h>
| #endif
| #ifdef HAVE_STDINT_H
| # include <stdint.h>
| #endif
| #ifdef HAVE_UNISTD_H
| # include <unistd.h>
| #endif
| int
| main ()
| {
| if (sizeof ((mode_t)))
| 	    return 0;
|   ;
|   return 0;
| }
configure:11832: result: yes
configure:11843: checking for C/C++ restrict keyword
configure:11868: gcc -std=gnu99 -c -fvisibility=hidden -D_REENTRANT -D_XOPEN_SOURCE=600 -D_BSD_SOURCE  conftest.c >&5
configure:11868: $? = 0
configure:11876: result: __restrict
configure:11889: checking for size_t
configure:11889: gcc -std=gnu99 -c -fvisibility=hidden -D_REENTRANT -D_XOPEN_SOURCE=600 -D_BSD_SOURCE  conftest.c >&5
configure:11889: $? = 0
configure:11889: gcc -std=gnu99 -c -fvisibility=hidden -D_REENTRANT -D_XOPEN_SOURCE=600 -D_BSD_SOURCE  conftest.c >&5
conftest.c: In function 'main':
conftest.c:86:21: error: expected expression before ')' token
configure:11889: $? = 1
configure: failed program was:
| /* confdefs.h */
| #define PACKAGE_NAME "OpenPGM"
| #define PACKAGE_TARNAME "openpgm"
| #define PACKAGE_VERSION "5.1"
| #define PACKAGE_STRING "OpenPGM 5.1"
| #define PACKAGE_BUGREPORT "openpgm-dev@googlegroups.com"
| #define PACKAGE_URL "http://code.google.com/p/openpgm/"
| #define STDC_HEADERS 1
| #define HAVE_SYS_TYPES_H 1
| #define HAVE_SYS_STAT_H 1
| #define HAVE_STDLIB_H 1
| #define HAVE_STRING_H 1
| #define HAVE_MEMORY_H 1
| #define HAVE_STRINGS_H 1
| #define HAVE_INTTYPES_H 1
| #define HAVE_STDINT_H 1
| #define HAVE_UNISTD_H 1
| #define HAVE_DLFCN_H 1
| #define LT_OBJDIR ".libs/"
| #define HAVE_ALLOCA_H 1
| #define HAVE_ALLOCA 1
| #define HAVE_ARPA_INET_H 1
| #define HAVE_FCNTL_H 1
| #define HAVE_FLOAT_H 1
| #define HAVE_INTTYPES_H 1
| #define HAVE_LIBINTL_H 1
| #define HAVE_LIMITS_H 1
| #define HAVE_LOCALE_H 1
| #define HAVE_MALLOC_H 1
| #define HAVE_MEMORY_H 1
| #define HAVE_NETDB_H 1
| #define HAVE_NETINET_IN_H 1
| #define HAVE_STDDEF_H 1
| #define HAVE_STDINT_H 1
| #define HAVE_STDLIB_H 1
| #define HAVE_STRING_H 1
| #define HAVE_STRINGS_H 1
| #define HAVE_SYS_IOCTL_H 1
| #define HAVE_SYS_PARAM_H 1
| #define HAVE_SYS_SOCKET_H 1
| #define HAVE_SYS_TIME_H 1
| #define HAVE_SYS_TIMEB_H 1
| #define HAVE_SYSLOG_H 1
| #define HAVE_UNISTD_H 1
| #define HAVE_WCHAR_H 1
| #define HAVE__BOOL 1
| #define HAVE_STDBOOL_H 1
| #define restrict __restrict
| /* end confdefs.h.  */
| #include <stdio.h>
| #ifdef HAVE_SYS_TYPES_H
| # include <sys/types.h>
| #endif
| #ifdef HAVE_SYS_STAT_H
| # include <sys/stat.h>
| #endif
| #ifdef STDC_HEADERS
| # include <stdlib.h>
| # include <stddef.h>
| #else
| # ifdef HAVE_STDLIB_H
| #  include <stdlib.h>
| # endif
| #endif
| #ifdef HAVE_STRING_H
| # if !defined STDC_HEADERS && defined HAVE_MEMORY_H
| #  include <memory.h>
| # endif
| # include <string.h>
| #endif
| #ifdef HAVE_STRINGS_H
| # include <strings.h>
| #endif
| #ifdef HAVE_INTTYPES_H
| # include <inttypes.h>
| #endif
| #ifdef HAVE_STDINT_H
| # include <stdint.h>
| #endif
| #ifdef HAVE_UNISTD_H
| # include <unistd.h>
| #endif
| int
| main ()
| {
| if (sizeof ((size_t)))
| 	    return 0;
|   ;
|   return 0;
| }
configure:11889: result: yes
configure:11900: checking for ssize_t
configure:11900: gcc -std=gnu99 -c -fvisibility=hidden -D_REENTRANT -D_XOPEN_SOURCE=600 -D_BSD_SOURCE  conftest.c >&5
configure:11900: $? = 0
configure:11900: gcc -std=gnu99 -c -fvisibility=hidden -D_REENTRANT -D_XOPEN_SOURCE=600 -D_BSD_SOURCE  conftest.c >&5
conftest.c: In function 'main':
conftest.c:86:22: error: expected expression before ')' token
configure:11900: $? = 1
configure: failed program was:
| /* confdefs.h */
| #define PACKAGE_NAME "OpenPGM"
| #define PACKAGE_TARNAME "openpgm"
| #define PACKAGE_VERSION "5.1"
| #define PACKAGE_STRING "OpenPGM 5.1"
| #define PACKAGE_BUGREPORT "openpgm-dev@googlegroups.com"
| #define PACKAGE_URL "http://code.google.com/p/openpgm/"
| #define STDC_HEADERS 1
| #define HAVE_SYS_TYPES_H 1
| #define HAVE_SYS_STAT_H 1
| #define HAVE_STDLIB_H 1
| #define HAVE_STRING_H 1
| #define HAVE_MEMORY_H 1
| #define HAVE_STRINGS_H 1
| #define HAVE_INTTYPES_H 1
| #define HAVE_STDINT_H 1
| #define HAVE_UNISTD_H 1
| #define HAVE_DLFCN_H 1
| #define LT_OBJDIR ".libs/"
| #define HAVE_ALLOCA_H 1
| #define HAVE_ALLOCA 1
| #define HAVE_ARPA_INET_H 1
| #define HAVE_FCNTL_H 1
| #define HAVE_FLOAT_H 1
| #define HAVE_INTTYPES_H 1
| #define HAVE_LIBINTL_H 1
| #define HAVE_LIMITS_H 1
| #define HAVE_LOCALE_H 1
| #define HAVE_MALLOC_H 1
| #define HAVE_MEMORY_H 1
| #define HAVE_NETDB_H 1
| #define HAVE_NETINET_IN_H 1
| #define HAVE_STDDEF_H 1
| #define HAVE_STDINT_H 1
| #define HAVE_STDLIB_H 1
| #define HAVE_STRING_H 1
| #define HAVE_STRINGS_H 1
| #define HAVE_SYS_IOCTL_H 1
| #define HAVE_SYS_PARAM_H 1
| #define HAVE_SYS_SOCKET_H 1
| #define HAVE_SYS_TIME_H 1
| #define HAVE_SYS_TIMEB_H 1
| #define HAVE_SYSLOG_H 1
| #define HAVE_UNISTD_H 1
| #define HAVE_WCHAR_H 1
| #define HAVE__BOOL 1
| #define HAVE_STDBOOL_H 1
| #define restrict __restrict
| /* end confdefs.h.  */
| #include <stdio.h>
| #ifdef HAVE_SYS_TYPES_H
| # include <sys/types.h>
| #endif
| #ifdef HAVE_SYS_STAT_H
| # include <sys/stat.h>
| #endif
| #ifdef STDC_HEADERS
| # include <stdlib.h>
| # include <stddef.h>
| #else
| # ifdef HAVE_STDLIB_H
| #  include <stdlib.h>
| # endif
| #endif
| #ifdef HAVE_STRING_H
| # if !defined STDC_HEADERS && defined HAVE_MEMORY_H
| #  include <memory.h>
| # endif
| # include <string.h>
| #endif
| #ifdef HAVE_STRINGS_H
| # include <strings.h>
| #endif
| #ifdef HAVE_INTTYPES_H
| # include <inttypes.h>
| #endif
| #ifdef HAVE_STDINT_H
| # include <stdint.h>
| #endif
| #ifdef HAVE_UNISTD_H
| # include <unistd.h>
| #endif
| int
| main ()
| {
| if (sizeof ((ssize_t)))
| 	    return 0;
|   ;
|   return 0;
| }
configure:11900: result: yes
configure:11911: checking for uint16_t
configure:11911: gcc -std=gnu99 -c -fvisibility=hidden -D_REENTRANT -D_XOPEN_SOURCE=600 -D_BSD_SOURCE  conftest.c >&5
configure:11911: $? = 0
configure:11911: result: yes
configure:11923: checking for uint32_t
configure:11923: gcc -std=gnu99 -c -fvisibility=hidden -D_REENTRANT -D_XOPEN_SOURCE=600 -D_BSD_SOURCE  conftest.c >&5
configure:11923: $? = 0
configure:11923: result: yes
configure:11937: checking for uint64_t
configure:11937: gcc -std=gnu99 -c -fvisibility=hidden -D_REENTRANT -D_XOPEN_SOURCE=600 -D_BSD_SOURCE  conftest.c >&5
configure:11937: $? = 0
configure:11937: result: yes
configure:11951: checking for uint8_t
configure:11951: gcc -std=gnu99 -c -fvisibility=hidden -D_REENTRANT -D_XOPEN_SOURCE=600 -D_BSD_SOURCE  conftest.c >&5
configure:11951: $? = 0
configure:11951: result: yes
configure:11971: checking for stdlib.h
configure:11971: result: yes
configure:11981: checking for GNU libc compatible malloc
configure:12005: gcc -std=gnu99 -o conftest -fvisibility=hidden -D_REENTRANT -D_XOPEN_SOURCE=600 -D_BSD_SOURCE   conftest.c -lrt -lpthread -lm  >&5
configure:12005: $? = 0
configure:12005: ./conftest
configure:12005: $? = 0
configure:12015: result: yes
configure:12042: checking for stdlib.h
configure:12042: result: yes
configure:12042: checking for unistd.h
configure:12042: result: yes
configure:12042: checking for sys/param.h
configure:12042: result: yes
configure:12062: checking for getpagesize
configure:12062: gcc -std=gnu99 -o conftest -fvisibility=hidden -D_REENTRANT -D_XOPEN_SOURCE=600 -D_BSD_SOURCE   conftest.c -lrt -lpthread -lm  >&5
configure:12062: $? = 0
configure:12062: result: yes
configure:12071: checking for working mmap
configure:12218: gcc -std=gnu99 -o conftest -fvisibility=hidden -D_REENTRANT -D_XOPEN_SOURCE=600 -D_BSD_SOURCE   conftest.c -lrt -lpthread -lm  >&5
configure:12218: $? = 0
configure:12218: ./conftest
configure:12218: $? = 0
configure:12228: result: yes
configure:12239: checking for stdlib.h
configure:12239: result: yes
configure:12249: checking for GNU libc compatible realloc
configure:12273: gcc -std=gnu99 -o conftest -fvisibility=hidden -D_REENTRANT -D_XOPEN_SOURCE=600 -D_BSD_SOURCE   conftest.c -lrt -lpthread -lm  >&5
configure:12273: $? = 0
configure:12273: ./conftest
configure:12273: $? = 0
configure:12283: result: yes
configure:12304: checking whether strerror_r is declared
configure:12304: gcc -std=gnu99 -c -fvisibility=hidden -D_REENTRANT -D_XOPEN_SOURCE=600 -D_BSD_SOURCE  conftest.c >&5
configure:12304: $? = 0
configure:12304: result: yes
configure:12317: checking for strerror_r
configure:12317: gcc -std=gnu99 -o conftest -fvisibility=hidden -D_REENTRANT -D_XOPEN_SOURCE=600 -D_BSD_SOURCE   conftest.c -lrt -lpthread -lm  >&5
configure:12317: $? = 0
configure:12317: result: yes
configure:12326: checking whether strerror_r returns char *
configure:12350: gcc -std=gnu99 -c -fvisibility=hidden -D_REENTRANT -D_XOPEN_SOURCE=600 -D_BSD_SOURCE  conftest.c >&5
conftest.c: In function 'main':
conftest.c:99:13: error: invalid type argument of unary '*' (have 'int')
conftest.c:100:14: warning: initialization makes pointer from integer without a cast [enabled by default]
configure:12350: $? = 1
configure: failed program was:
| /* confdefs.h */
| #define PACKAGE_NAME "OpenPGM"
| #define PACKAGE_TARNAME "openpgm"
| #define PACKAGE_VERSION "5.1"
| #define PACKAGE_STRING "OpenPGM 5.1"
| #define PACKAGE_BUGREPORT "openpgm-dev@googlegroups.com"
| #define PACKAGE_URL "http://code.google.com/p/openpgm/"
| #define STDC_HEADERS 1
| #define HAVE_SYS_TYPES_H 1
| #define HAVE_SYS_STAT_H 1
| #define HAVE_STDLIB_H 1
| #define HAVE_STRING_H 1
| #define HAVE_MEMORY_H 1
| #define HAVE_STRINGS_H 1
| #define HAVE_INTTYPES_H 1
| #define HAVE_STDINT_H 1
| #define HAVE_UNISTD_H 1
| #define HAVE_DLFCN_H 1
| #define LT_OBJDIR ".libs/"
| #define HAVE_ALLOCA_H 1
| #define HAVE_ALLOCA 1
| #define HAVE_ARPA_INET_H 1
| #define HAVE_FCNTL_H 1
| #define HAVE_FLOAT_H 1
| #define HAVE_INTTYPES_H 1
| #define HAVE_LIBINTL_H 1
| #define HAVE_LIMITS_H 1
| #define HAVE_LOCALE_H 1
| #define HAVE_MALLOC_H 1
| #define HAVE_MEMORY_H 1
| #define HAVE_NETDB_H 1
| #define HAVE_NETINET_IN_H 1
| #define HAVE_STDDEF_H 1
| #define HAVE_STDINT_H 1
| #define HAVE_STDLIB_H 1
| #define HAVE_STRING_H 1
| #define HAVE_STRINGS_H 1
| #define HAVE_SYS_IOCTL_H 1
| #define HAVE_SYS_PARAM_H 1
| #define HAVE_SYS_SOCKET_H 1
| #define HAVE_SYS_TIME_H 1
| #define HAVE_SYS_TIMEB_H 1
| #define HAVE_SYSLOG_H 1
| #define HAVE_UNISTD_H 1
| #define HAVE_WCHAR_H 1
| #define HAVE__BOOL 1
| #define HAVE_STDBOOL_H 1
| #define restrict __restrict
| #define HAVE_STDLIB_H 1
| #define HAVE_MALLOC 1
| #define HAVE_STDLIB_H 1
| #define HAVE_UNISTD_H 1
| #define HAVE_SYS_PARAM_H 1
| #define HAVE_GETPAGESIZE 1
| #define HAVE_MMAP 1
| #define HAVE_STDLIB_H 1
| #define HAVE_REALLOC 1
| #define HAVE_DECL_STRERROR_R 1
| #define HAVE_STRERROR_R 1
| /* end confdefs.h.  */
| #include <stdio.h>
| #ifdef HAVE_SYS_TYPES_H
| # include <sys/types.h>
| #endif
| #ifdef HAVE_SYS_STAT_H
| # include <sys/stat.h>
| #endif
| #ifdef STDC_HEADERS
| # include <stdlib.h>
| # include <stddef.h>
| #else
| # ifdef HAVE_STDLIB_H
| #  include <stdlib.h>
| # endif
| #endif
| #ifdef HAVE_STRING_H
| # if !defined STDC_HEADERS && defined HAVE_MEMORY_H
| #  include <memory.h>
| # endif
| # include <string.h>
| #endif
| #ifdef HAVE_STRINGS_H
| # include <strings.h>
| #endif
| #ifdef HAVE_INTTYPES_H
| # include <inttypes.h>
| #endif
| #ifdef HAVE_STDINT_H
| # include <stdint.h>
| #endif
| #ifdef HAVE_UNISTD_H
| # include <unistd.h>
| #endif
| int
| main ()
| {
| 
| 	  char buf[100];
| 	  char x = *strerror_r (0, buf, sizeof buf);
| 	  char *p = strerror_r (0, buf, sizeof buf);
| 	  return !p || x;
| 
|   ;
|   return 0;
| }
configure:12388: result: no
configure:12399: checking for atexit
configure:12399: gcc -std=gnu99 -o conftest -fvisibility=hidden -D_REENTRANT -D_XOPEN_SOURCE=600 -D_BSD_SOURCE   conftest.c -lrt -lpthread -lm  >&5
configure:12399: $? = 0
configure:12399: result: yes
configure:12399: checking for clock_gettime
configure:12399: gcc -std=gnu99 -o conftest -fvisibility=hidden -D_REENTRANT -D_XOPEN_SOURCE=600 -D_BSD_SOURCE   conftest.c -lrt -lpthread -lm  >&5
configure:12399: $? = 0
configure:12399: result: yes
configure:12399: checking for floor
configure:12399: gcc -std=gnu99 -o conftest -fvisibility=hidden -D_REENTRANT -D_XOPEN_SOURCE=600 -D_BSD_SOURCE   conftest.c -lrt -lpthread -lm  >&5
conftest.c:86:6: warning: conflicting types for built-in function 'floor' [enabled by default]
configure:12399: $? = 0
configure:12399: result: yes
configure:12399: checking for ftime
configure:12399: gcc -std=gnu99 -o conftest -fvisibility=hidden -D_REENTRANT -D_XOPEN_SOURCE=600 -D_BSD_SOURCE   conftest.c -lrt -lpthread -lm  >&5
configure:12399: $? = 0
configure:12399: result: yes
configure:12399: checking for gethostbyaddr
configure:12399: gcc -std=gnu99 -o conftest -fvisibility=hidden -D_REENTRANT -D_XOPEN_SOURCE=600 -D_BSD_SOURCE   conftest.c -lrt -lpthread -lm  >&5
configure:12399: $? = 0
configure:12399: result: yes
configure:12399: checking for gethostbyname
configure:12399: gcc -std=gnu99 -o conftest -fvisibility=hidden -D_REENTRANT -D_XOPEN_SOURCE=600 -D_BSD_SOURCE   conftest.c -lrt -lpthread -lm  >&5
configure:12399: $? = 0
configure:12399: result: yes
configure:12399: checking for gethostname
configure:12399: gcc -std=gnu99 -o conftest -fvisibility=hidden -D_REENTRANT -D_XOPEN_SOURCE=600 -D_BSD_SOURCE   conftest.c -lrt -lpthread -lm  >&5
configure:12399: $? = 0
configure:12399: result: yes
configure:12399: checking for gettimeofday
configure:12399: gcc -std=gnu99 -o conftest -fvisibility=hidden -D_REENTRANT -D_XOPEN_SOURCE=600 -D_BSD_SOURCE   conftest.c -lrt -lpthread -lm  >&5
configure:12399: $? = 0
configure:12399: result: yes
configure:12399: checking for inet_ntoa
configure:12399: gcc -std=gnu99 -o conftest -fvisibility=hidden -D_REENTRANT -D_XOPEN_SOURCE=600 -D_BSD_SOURCE   conftest.c -lrt -lpthread -lm  >&5
configure:12399: $? = 0
configure:12399: result: yes
configure:12399: checking for memmove
configure:12399: gcc -std=gnu99 -o conftest -fvisibility=hidden -D_REENTRANT -D_XOPEN_SOURCE=600 -D_BSD_SOURCE   conftest.c -lrt -lpthread -lm  >&5
conftest.c:93:6: warning: conflicting types for built-in function 'memmove' [enabled by default]
configure:12399: $? = 0
configure:12399: result: yes
configure:12399: checking for memset
configure:12399: gcc -std=gnu99 -o conftest -fvisibility=hidden -D_REENTRANT -D_XOPEN_SOURCE=600 -D_BSD_SOURCE   conftest.c -lrt -lpthread -lm  >&5
conftest.c:94:6: warning: conflicting types for built-in function 'memset' [enabled by default]
configure:12399: $? = 0
configure:12399: result: yes
configure:12399: checking for regcomp
configure:12399: gcc -std=gnu99 -o conftest -fvisibility=hidden -D_REENTRANT -D_XOPEN_SOURCE=600 -D_BSD_SOURCE   conftest.c -lrt -lpthread -lm  >&5
configure:12399: $? = 0
configure:12399: result: yes
configure:12399: checking for select
configure:12399: gcc -std=gnu99 -o conftest -fvisibility=hidden -D_REENTRANT -D_XOPEN_SOURCE=600 -D_BSD_SOURCE   conftest.c -lrt -lpthread -lm  >&5
configure:12399: $? = 0
configure:12399: result: yes
configure:12399: checking for setenv
configure:12399: gcc -std=gnu99 -o conftest -fvisibility=hidden -D_REENTRANT -D_XOPEN_SOURCE=600 -D_BSD_SOURCE   conftest.c -lrt -lpthread -lm  >&5
configure:12399: $? = 0
configure:12399: result: yes
configure:12399: checking for setlocale
configure:12399: gcc -std=gnu99 -o conftest -fvisibility=hidden -D_REENTRANT -D_XOPEN_SOURCE=600 -D_BSD_SOURCE   conftest.c -lrt -lpthread -lm  >&5
configure:12399: $? = 0
configure:12399: result: yes
configure:12399: checking for socket
configure:12399: gcc -std=gnu99 -o conftest -fvisibility=hidden -D_REENTRANT -D_XOPEN_SOURCE=600 -D_BSD_SOURCE   conftest.c -lrt -lpthread -lm  >&5
configure:12399: $? = 0
configure:12399: result: yes
configure:12399: checking for sqrt
configure:12399: gcc -std=gnu99 -o conftest -fvisibility=hidden -D_REENTRANT -D_XOPEN_SOURCE=600 -D_BSD_SOURCE   conftest.c -lrt -lpthread -lm  >&5
conftest.c:100:6: warning: conflicting types for built-in function 'sqrt' [enabled by default]
configure:12399: $? = 0
configure:12399: result: yes
configure:12399: checking for stpcpy
configure:12399: gcc -std=gnu99 -o conftest -fvisibility=hidden -D_REENTRANT -D_XOPEN_SOURCE=600 -D_BSD_SOURCE   conftest.c -lrt -lpthread -lm  >&5
conftest.c:101:6: warning: conflicting types for built-in function 'stpcpy' [enabled by default]
configure:12399: $? = 0
configure:12399: result: yes
configure:12399: checking for strcasecmp
configure:12399: gcc -std=gnu99 -o conftest -fvisibility=hidden -D_REENTRANT -D_XOPEN_SOURCE=600 -D_BSD_SOURCE   conftest.c -lrt -lpthread -lm  >&5
conftest.c:102:6: warning: conflicting types for built-in function 'strcasecmp' [enabled by default]
configure:12399: $? = 0
configure:12399: result: yes
configure:12399: checking for strchr
configure:12399: gcc -std=gnu99 -o conftest -fvisibility=hidden -D_REENTRANT -D_XOPEN_SOURCE=600 -D_BSD_SOURCE   conftest.c -lrt -lpthread -lm  >&5
conftest.c:103:6: warning: conflicting types for built-in function 'strchr' [enabled by default]
configure:12399: $? = 0
configure:12399: result: yes
configure:12399: checking for strdup
configure:12399: gcc -std=gnu99 -o conftest -fvisibility=hidden -D_REENTRANT -D_XOPEN_SOURCE=600 -D_BSD_SOURCE   conftest.c -lrt -lpthread -lm  >&5
conftest.c:104:6: warning: conflicting types for built-in function 'strdup' [enabled by default]
configure:12399: $? = 0
configure:12399: result: yes
configure:12399: checking for strerror
configure:12399: gcc -std=gnu99 -o conftest -fvisibility=hidden -D_REENTRANT -D_XOPEN_SOURCE=600 -D_BSD_SOURCE   conftest.c -lrt -lpthread -lm  >&5
configure:12399: $? = 0
configure:12399: result: yes
configure:12399: checking for strncasecmp
configure:12399: gcc -std=gnu99 -o conftest -fvisibility=hidden -D_REENTRANT -D_XOPEN_SOURCE=600 -D_BSD_SOURCE   conftest.c -lrt -lpthread -lm  >&5
conftest.c:106:6: warning: conflicting types for built-in function 'strncasecmp' [enabled by default]
configure:12399: $? = 0
configure:12399: result: yes
configure:12399: checking for strpbrk
configure:12399: gcc -std=gnu99 -o conftest -fvisibility=hidden -D_REENTRANT -D_XOPEN_SOURCE=600 -D_BSD_SOURCE   conftest.c -lrt -lpthread -lm  >&5
conftest.c:107:6: warning: conflicting types for built-in function 'strpbrk' [enabled by default]
configure:12399: $? = 0
configure:12399: result: yes
configure:12399: checking for strrchr
configure:12399: gcc -std=gnu99 -o conftest -fvisibility=hidden -D_REENTRANT -D_XOPEN_SOURCE=600 -D_BSD_SOURCE   conftest.c -lrt -lpthread -lm  >&5
conftest.c:108:6: warning: conflicting types for built-in function 'strrchr' [enabled by default]
configure:12399: $? = 0
configure:12399: result: yes
configure:12399: checking for strstr
configure:12399: gcc -std=gnu99 -o conftest -fvisibility=hidden -D_REENTRANT -D_XOPEN_SOURCE=600 -D_BSD_SOURCE   conftest.c -lrt -lpthread -lm  >&5
conftest.c:109:6: warning: conflicting types for built-in function 'strstr' [enabled by default]
configure:12399: $? = 0
configure:12399: result: yes
configure:12399: checking for strtol
configure:12399: gcc -std=gnu99 -o conftest -fvisibility=hidden -D_REENTRANT -D_XOPEN_SOURCE=600 -D_BSD_SOURCE   conftest.c -lrt -lpthread -lm  >&5
configure:12399: $? = 0
configure:12399: result: yes
configure:12399: checking for strtoul
configure:12399: gcc -std=gnu99 -o conftest -fvisibility=hidden -D_REENTRANT -D_XOPEN_SOURCE=600 -D_BSD_SOURCE   conftest.c -lrt -lpthread -lm  >&5
configure:12399: $? = 0
configure:12399: result: yes
configure:12399: checking for strtoull
configure:12399: gcc -std=gnu99 -o conftest -fvisibility=hidden -D_REENTRANT -D_XOPEN_SOURCE=600 -D_BSD_SOURCE   conftest.c -lrt -lpthread -lm  >&5
configure:12399: $? = 0
configure:12399: result: yes
configure:12410: checking for pthread_spinlock
configure:12423: gcc -std=gnu99 -c -fvisibility=hidden -D_REENTRANT -D_XOPEN_SOURCE=600 -D_BSD_SOURCE  conftest.c >&5
configure:12423: $? = 0
configure:12424: result: yes
configure:12433: checking for getprotobyname_r
configure:12433: gcc -std=gnu99 -o conftest -fvisibility=hidden -D_REENTRANT -D_XOPEN_SOURCE=600 -D_BSD_SOURCE -DCONFIG_HAVE_POSIX_SPINLOCK   conftest.c -lrt -lpthread -lm  >&5
configure:12433: $? = 0
configure:12433: result: yes
configure:12439: checking for 4- or 5-param getprotobyname_r
configure:12452: gcc -std=gnu99 -c -fvisibility=hidden -D_REENTRANT -D_XOPEN_SOURCE=600 -D_BSD_SOURCE -DCONFIG_HAVE_POSIX_SPINLOCK  conftest.c >&5
configure:12452: $? = 0
configure:12453: result: 5-param
configure:12464: checking for getnetent
configure:12464: gcc -std=gnu99 -o conftest -fvisibility=hidden -D_REENTRANT -D_XOPEN_SOURCE=600 -D_BSD_SOURCE -DCONFIG_HAVE_POSIX_SPINLOCK -DCONFIG_HAVE_GETPROTOBYNAME_R2   conftest.c -lrt -lpthread -lm  >&5
configure:12464: $? = 0
configure:12464: result: yes
configure:12470: checking for C99 variadic macros
configure:12484: gcc -std=gnu99 -c -fvisibility=hidden -D_REENTRANT -D_XOPEN_SOURCE=600 -D_BSD_SOURCE -DCONFIG_HAVE_POSIX_SPINLOCK -DCONFIG_HAVE_GETPROTOBYNAME_R2 -DCONFIG_HAVE_GETNETENT  conftest.c >&5
configure:12484: $? = 0
configure:12485: result: yes
configure:12493: checking for GNU-style variadic macros
configure:12507: gcc -std=gnu99 -c -fvisibility=hidden -D_REENTRANT -D_XOPEN_SOURCE=600 -D_BSD_SOURCE -DCONFIG_HAVE_POSIX_SPINLOCK -DCONFIG_HAVE_GETPROTOBYNAME_R2 -DCONFIG_HAVE_GETNETENT -DCONFIG_HAVE_ISO_VARARGS  conftest.c >&5
configure:12507: $? = 0
configure:12508: result: yes
configure:12517: checking for alloca.h
configure:12530: gcc -std=gnu99 -c -fvisibility=hidden -D_REENTRANT -D_XOPEN_SOURCE=600 -D_BSD_SOURCE -DCONFIG_HAVE_POSIX_SPINLOCK -DCONFIG_HAVE_GETPROTOBYNAME_R2 -DCONFIG_HAVE_GETNETENT -DCONFIG_HAVE_ISO_VARARGS -DCONFIG_HAVE_GNUC_VARARGS  conftest.c >&5
configure:12530: $? = 0
configure:12531: result: yes
configure:12540: checking for eventfd
configure:12553: gcc -std=gnu99 -c -fvisibility=hidden -D_REENTRANT -D_XOPEN_SOURCE=600 -D_BSD_SOURCE -DCONFIG_HAVE_POSIX_SPINLOCK -DCONFIG_HAVE_GETPROTOBYNAME_R2 -DCONFIG_HAVE_GETNETENT -DCONFIG_HAVE_ISO_VARARGS -DCONFIG_HAVE_GNUC_VARARGS -DCONFIG_HAVE_ALLOCA_H  conftest.c >&5
configure:12553: $? = 0
configure:12554: result: yes
configure:12563: checking for /proc/cpuinfo
configure:12576: result: yes
configure:12583: checking for backtrace
configure:12583: gcc -std=gnu99 -o conftest -fvisibility=hidden -D_REENTRANT -D_XOPEN_SOURCE=600 -D_BSD_SOURCE -DCONFIG_HAVE_POSIX_SPINLOCK -DCONFIG_HAVE_GETPROTOBYNAME_R2 -DCONFIG_HAVE_GETNETENT -DCONFIG_HAVE_ISO_VARARGS -DCONFIG_HAVE_GNUC_VARARGS -DCONFIG_HAVE_ALLOCA_H -DCONFIG_HAVE_EVENTFD -DCONFIG_HAVE_PROC   conftest.c -lrt -lpthread -lm  >&5
configure:12583: $? = 0
configure:12583: result: yes
configure:12589: checking for pselect
configure:12589: gcc -std=gnu99 -o conftest -fvisibility=hidden -D_REENTRANT -D_XOPEN_SOURCE=600 -D_BSD_SOURCE -DCONFIG_HAVE_POSIX_SPINLOCK -DCONFIG_HAVE_GETPROTOBYNAME_R2 -DCONFIG_HAVE_GETNETENT -DCONFIG_HAVE_ISO_VARARGS -DCONFIG_HAVE_GNUC_VARARGS -DCONFIG_HAVE_ALLOCA_H -DCONFIG_HAVE_EVENTFD -DCONFIG_HAVE_PROC -DCONFIG_HAVE_BACKTRACE   conftest.c -lrt -lpthread -lm  >&5
configure:12589: $? = 0
configure:12589: result: yes
configure:12594: checking for /dev/rtc
configure:12607: result: no
configure:12613: checking for RDTSC instruction
configure:12633: gcc -std=gnu99 -c -fvisibility=hidden -D_REENTRANT -D_XOPEN_SOURCE=600 -D_BSD_SOURCE -DCONFIG_HAVE_POSIX_SPINLOCK -DCONFIG_HAVE_GETPROTOBYNAME_R2 -DCONFIG_HAVE_GETNETENT -DCONFIG_HAVE_ISO_VARARGS -DCONFIG_HAVE_GNUC_VARARGS -DCONFIG_HAVE_ALLOCA_H -DCONFIG_HAVE_EVENTFD -DCONFIG_HAVE_PROC -DCONFIG_HAVE_BACKTRACE -DCONFIG_HAVE_PSELECT  conftest.c >&5
configure:12633: $? = 0
configure:12634: result: yes
configure:12644: checking for /dev/hpet
configure:12657: result: no
configure:12664: checking for poll
configure:12664: gcc -std=gnu99 -o conftest -fvisibility=hidden -D_REENTRANT -D_XOPEN_SOURCE=600 -D_BSD_SOURCE -DCONFIG_HAVE_POSIX_SPINLOCK -DCONFIG_HAVE_GETPROTOBYNAME_R2 -DCONFIG_HAVE_GETNETENT -DCONFIG_HAVE_ISO_VARARGS -DCONFIG_HAVE_GNUC_VARARGS -DCONFIG_HAVE_ALLOCA_H -DCONFIG_HAVE_EVENTFD -DCONFIG_HAVE_PROC -DCONFIG_HAVE_BACKTRACE -DCONFIG_HAVE_PSELECT -DCONFIG_HAVE_TSC   conftest.c -lrt -lpthread -lm  >&5
configure:12664: $? = 0
configure:12664: result: yes
configure:12669: checking for epoll_ctl
configure:12669: gcc -std=gnu99 -o conftest -fvisibility=hidden -D_REENTRANT -D_XOPEN_SOURCE=600 -D_BSD_SOURCE -DCONFIG_HAVE_POSIX_SPINLOCK -DCONFIG_HAVE_GETPROTOBYNAME_R2 -DCONFIG_HAVE_GETNETENT -DCONFIG_HAVE_ISO_VARARGS -DCONFIG_HAVE_GNUC_VARARGS -DCONFIG_HAVE_ALLOCA_H -DCONFIG_HAVE_EVENTFD -DCONFIG_HAVE_PROC -DCONFIG_HAVE_BACKTRACE -DCONFIG_HAVE_PSELECT -DCONFIG_HAVE_TSC -DCONFIG_HAVE_POLL   conftest.c -lrt -lpthread -lm  >&5
configure:12669: $? = 0
configure:12669: result: yes
configure:12675: checking for getifaddrs
configure:12675: gcc -std=gnu99 -o conftest -fvisibility=hidden -D_REENTRANT -D_XOPEN_SOURCE=600 -D_BSD_SOURCE -DCONFIG_HAVE_POSIX_SPINLOCK -DCONFIG_HAVE_GETPROTOBYNAME_R2 -DCONFIG_HAVE_GETNETENT -DCONFIG_HAVE_ISO_VARARGS -DCONFIG_HAVE_GNUC_VARARGS -DCONFIG_HAVE_ALLOCA_H -DCONFIG_HAVE_EVENTFD -DCONFIG_HAVE_PROC -DCONFIG_HAVE_BACKTRACE -DCONFIG_HAVE_PSELECT -DCONFIG_HAVE_TSC -DCONFIG_HAVE_POLL -DCONFIG_HAVE_EPOLL   conftest.c -lrt -lpthread -lm  >&5
configure:12675: $? = 0
configure:12675: result: yes
configure:12680: checking for struct ifreq.ifr_netmask
configure:12695: gcc -std=gnu99 -c -fvisibility=hidden -D_REENTRANT -D_XOPEN_SOURCE=600 -D_BSD_SOURCE -DCONFIG_HAVE_POSIX_SPINLOCK -DCONFIG_HAVE_GETPROTOBYNAME_R2 -DCONFIG_HAVE_GETNETENT -DCONFIG_HAVE_ISO_VARARGS -DCONFIG_HAVE_GNUC_VARARGS -DCONFIG_HAVE_ALLOCA_H -DCONFIG_HAVE_EVENTFD -DCONFIG_HAVE_PROC -DCONFIG_HAVE_BACKTRACE -DCONFIG_HAVE_PSELECT -DCONFIG_HAVE_TSC -DCONFIG_HAVE_POLL -DCONFIG_HAVE_EPOLL -DCONFIG_HAVE_GETIFADDRS  conftest.c >&5
configure:12695: $? = 0
configure:12696: result: yes
configure:12705: checking for struct _WSAMSG.name
configure:12705: gcc -std=gnu99 -c -fvisibility=hidden -D_REENTRANT -D_XOPEN_SOURCE=600 -D_BSD_SOURCE -DCONFIG_HAVE_POSIX_SPINLOCK -DCONFIG_HAVE_GETPROTOBYNAME_R2 -DCONFIG_HAVE_GETNETENT -DCONFIG_HAVE_ISO_VARARGS -DCONFIG_HAVE_GNUC_VARARGS -DCONFIG_HAVE_ALLOCA_H -DCONFIG_HAVE_EVENTFD -DCONFIG_HAVE_PROC -DCONFIG_HAVE_BACKTRACE -DCONFIG_HAVE_PSELECT -DCONFIG_HAVE_TSC -DCONFIG_HAVE_POLL -DCONFIG_HAVE_EPOLL -DCONFIG_HAVE_GETIFADDRS -DCONFIG_HAVE_IFR_NETMASK  conftest.c >&5
conftest.c: In function 'main':
conftest.c:126:23: error: storage size of 'ac_aggr' isn't known
configure:12705: $? = 1
configure: failed program was:
| /* confdefs.h */
| #define PACKAGE_NAME "OpenPGM"
| #define PACKAGE_TARNAME "openpgm"
| #define PACKAGE_VERSION "5.1"
| #define PACKAGE_STRING "OpenPGM 5.1"
| #define PACKAGE_BUGREPORT "openpgm-dev@googlegroups.com"
| #define PACKAGE_URL "http://code.google.com/p/openpgm/"
| #define STDC_HEADERS 1
| #define HAVE_SYS_TYPES_H 1
| #define HAVE_SYS_STAT_H 1
| #define HAVE_STDLIB_H 1
| #define HAVE_STRING_H 1
| #define HAVE_MEMORY_H 1
| #define HAVE_STRINGS_H 1
| #define HAVE_INTTYPES_H 1
| #define HAVE_STDINT_H 1
| #define HAVE_UNISTD_H 1
| #define HAVE_DLFCN_H 1
| #define LT_OBJDIR ".libs/"
| #define HAVE_ALLOCA_H 1
| #define HAVE_ALLOCA 1
| #define HAVE_ARPA_INET_H 1
| #define HAVE_FCNTL_H 1
| #define HAVE_FLOAT_H 1
| #define HAVE_INTTYPES_H 1
| #define HAVE_LIBINTL_H 1
| #define HAVE_LIMITS_H 1
| #define HAVE_LOCALE_H 1
| #define HAVE_MALLOC_H 1
| #define HAVE_MEMORY_H 1
| #define HAVE_NETDB_H 1
| #define HAVE_NETINET_IN_H 1
| #define HAVE_STDDEF_H 1
| #define HAVE_STDINT_H 1
| #define HAVE_STDLIB_H 1
| #define HAVE_STRING_H 1
| #define HAVE_STRINGS_H 1
| #define HAVE_SYS_IOCTL_H 1
| #define HAVE_SYS_PARAM_H 1
| #define HAVE_SYS_SOCKET_H 1
| #define HAVE_SYS_TIME_H 1
| #define HAVE_SYS_TIMEB_H 1
| #define HAVE_SYSLOG_H 1
| #define HAVE_UNISTD_H 1
| #define HAVE_WCHAR_H 1
| #define HAVE__BOOL 1
| #define HAVE_STDBOOL_H 1
| #define restrict __restrict
| #define HAVE_STDLIB_H 1
| #define HAVE_MALLOC 1
| #define HAVE_STDLIB_H 1
| #define HAVE_UNISTD_H 1
| #define HAVE_SYS_PARAM_H 1
| #define HAVE_GETPAGESIZE 1
| #define HAVE_MMAP 1
| #define HAVE_STDLIB_H 1
| #define HAVE_REALLOC 1
| #define HAVE_DECL_STRERROR_R 1
| #define HAVE_STRERROR_R 1
| #define HAVE_ATEXIT 1
| #define HAVE_CLOCK_GETTIME 1
| #define HAVE_FLOOR 1
| #define HAVE_FTIME 1
| #define HAVE_GETHOSTBYADDR 1
| #define HAVE_GETHOSTBYNAME 1
| #define HAVE_GETHOSTNAME 1
| #define HAVE_GETTIMEOFDAY 1
| #define HAVE_INET_NTOA 1
| #define HAVE_MEMMOVE 1
| #define HAVE_MEMSET 1
| #define HAVE_REGCOMP 1
| #define HAVE_SELECT 1
| #define HAVE_SETENV 1
| #define HAVE_SETLOCALE 1
| #define HAVE_SOCKET 1
| #define HAVE_SQRT 1
| #define HAVE_STPCPY 1
| #define HAVE_STRCASECMP 1
| #define HAVE_STRCHR 1
| #define HAVE_STRDUP 1
| #define HAVE_STRERROR 1
| #define HAVE_STRNCASECMP 1
| #define HAVE_STRPBRK 1
| #define HAVE_STRRCHR 1
| #define HAVE_STRSTR 1
| #define HAVE_STRTOL 1
| #define HAVE_STRTOUL 1
| #define HAVE_STRTOULL 1
| /* end confdefs.h.  */
| #include <stdio.h>
| #ifdef HAVE_SYS_TYPES_H
| # include <sys/types.h>
| #endif
| #ifdef HAVE_SYS_STAT_H
| # include <sys/stat.h>
| #endif
| #ifdef STDC_HEADERS
| # include <stdlib.h>
| # include <stddef.h>
| #else
| # ifdef HAVE_STDLIB_H
| #  include <stdlib.h>
| # endif
| #endif
| #ifdef HAVE_STRING_H
| # if !defined STDC_HEADERS && defined HAVE_MEMORY_H
| #  include <memory.h>
| # endif
| # include <string.h>
| #endif
| #ifdef HAVE_STRINGS_H
| # include <strings.h>
| #endif
| #ifdef HAVE_INTTYPES_H
| # include <inttypes.h>
| #endif
| #ifdef HAVE_STDINT_H
| # include <stdint.h>
| #endif
| #ifdef HAVE_UNISTD_H
| # include <unistd.h>
| #endif
| int
| main ()
| {
| static struct _WSAMSG ac_aggr;
| if (ac_aggr.name)
| return 0;
|   ;
|   return 0;
| }
configure:12705: gcc -std=gnu99 -c -fvisibility=hidden -D_REENTRANT -D_XOPEN_SOURCE=600 -D_BSD_SOURCE -DCONFIG_HAVE_POSIX_SPINLOCK -DCONFIG_HAVE_GETPROTOBYNAME_R2 -DCONFIG_HAVE_GETNETENT -DCONFIG_HAVE_ISO_VARARGS -DCONFIG_HAVE_GNUC_VARARGS -DCONFIG_HAVE_ALLOCA_H -DCONFIG_HAVE_EVENTFD -DCONFIG_HAVE_PROC -DCONFIG_HAVE_BACKTRACE -DCONFIG_HAVE_PSELECT -DCONFIG_HAVE_TSC -DCONFIG_HAVE_POLL -DCONFIG_HAVE_EPOLL -DCONFIG_HAVE_GETIFADDRS -DCONFIG_HAVE_IFR_NETMASK  conftest.c >&5
conftest.c: In function 'main':
conftest.c:126:23: error: storage size of 'ac_aggr' isn't known
configure:12705: $? = 1
configure: failed program was:
| /* confdefs.h */
| #define PACKAGE_NAME "OpenPGM"
| #define PACKAGE_TARNAME "openpgm"
| #define PACKAGE_VERSION "5.1"
| #define PACKAGE_STRING "OpenPGM 5.1"
| #define PACKAGE_BUGREPORT "openpgm-dev@googlegroups.com"
| #define PACKAGE_URL "http://code.google.com/p/openpgm/"
| #define STDC_HEADERS 1
| #define HAVE_SYS_TYPES_H 1
| #define HAVE_SYS_STAT_H 1
| #define HAVE_STDLIB_H 1
| #define HAVE_STRING_H 1
| #define HAVE_MEMORY_H 1
| #define HAVE_STRINGS_H 1
| #define HAVE_INTTYPES_H 1
| #define HAVE_STDINT_H 1
| #define HAVE_UNISTD_H 1
| #define HAVE_DLFCN_H 1
| #define LT_OBJDIR ".libs/"
| #define HAVE_ALLOCA_H 1
| #define HAVE_ALLOCA 1
| #define HAVE_ARPA_INET_H 1
| #define HAVE_FCNTL_H 1
| #define HAVE_FLOAT_H 1
| #define HAVE_INTTYPES_H 1
| #define HAVE_LIBINTL_H 1
| #define HAVE_LIMITS_H 1
| #define HAVE_LOCALE_H 1
| #define HAVE_MALLOC_H 1
| #define HAVE_MEMORY_H 1
| #define HAVE_NETDB_H 1
| #define HAVE_NETINET_IN_H 1
| #define HAVE_STDDEF_H 1
| #define HAVE_STDINT_H 1
| #define HAVE_STDLIB_H 1
| #define HAVE_STRING_H 1
| #define HAVE_STRINGS_H 1
| #define HAVE_SYS_IOCTL_H 1
| #define HAVE_SYS_PARAM_H 1
| #define HAVE_SYS_SOCKET_H 1
| #define HAVE_SYS_TIME_H 1
| #define HAVE_SYS_TIMEB_H 1
| #define HAVE_SYSLOG_H 1
| #define HAVE_UNISTD_H 1
| #define HAVE_WCHAR_H 1
| #define HAVE__BOOL 1
| #define HAVE_STDBOOL_H 1
| #define restrict __restrict
| #define HAVE_STDLIB_H 1
| #define HAVE_MALLOC 1
| #define HAVE_STDLIB_H 1
| #define HAVE_UNISTD_H 1
| #define HAVE_SYS_PARAM_H 1
| #define HAVE_GETPAGESIZE 1
| #define HAVE_MMAP 1
| #define HAVE_STDLIB_H 1
| #define HAVE_REALLOC 1
| #define HAVE_DECL_STRERROR_R 1
| #define HAVE_STRERROR_R 1
| #define HAVE_ATEXIT 1
| #define HAVE_CLOCK_GETTIME 1
| #define HAVE_FLOOR 1
| #define HAVE_FTIME 1
| #define HAVE_GETHOSTBYADDR 1
| #define HAVE_GETHOSTBYNAME 1
| #define HAVE_GETHOSTNAME 1
| #define HAVE_GETTIMEOFDAY 1
| #define HAVE_INET_NTOA 1
| #define HAVE_MEMMOVE 1
| #define HAVE_MEMSET 1
| #define HAVE_REGCOMP 1
| #define HAVE_SELECT 1
| #define HAVE_SETENV 1
| #define HAVE_SETLOCALE 1
| #define HAVE_SOCKET 1
| #define HAVE_SQRT 1
| #define HAVE_STPCPY 1
| #define HAVE_STRCASECMP 1
| #define HAVE_STRCHR 1
| #define HAVE_STRDUP 1
| #define HAVE_STRERROR 1
| #define HAVE_STRNCASECMP 1
| #define HAVE_STRPBRK 1
| #define HAVE_STRRCHR 1
| #define HAVE_STRSTR 1
| #define HAVE_STRTOL 1
| #define HAVE_STRTOUL 1
| #define HAVE_STRTOULL 1
| /* end confdefs.h.  */
| #include <stdio.h>
| #ifdef HAVE_SYS_TYPES_H
| # include <sys/types.h>
| #endif
| #ifdef HAVE_SYS_STAT_H
| # include <sys/stat.h>
| #endif
| #ifdef STDC_HEADERS
| # include <stdlib.h>
| # include <stddef.h>
| #else
| # ifdef HAVE_STDLIB_H
| #  include <stdlib.h>
| # endif
| #endif
| #ifdef HAVE_STRING_H
| # if !defined STDC_HEADERS && defined HAVE_MEMORY_H
| #  include <memory.h>
| # endif
| # include <string.h>
| #endif
| #ifdef HAVE_STRINGS_H
| # include <strings.h>
| #endif
| #ifdef HAVE_INTTYPES_H
| # include <inttypes.h>
| #endif
| #ifdef HAVE_STDINT_H
| # include <stdint.h>
| #endif
| #ifdef HAVE_UNISTD_H
| # include <unistd.h>
| #endif
| int
| main ()
| {
| static struct _WSAMSG ac_aggr;
| if (sizeof ac_aggr.name)
| return 0;
|   ;
|   return 0;
| }
configure:12705: result: no
configure:12711: checking for struct group_req.gr_interface
configure:12725: gcc -std=gnu99 -c -fvisibility=hidden -D_REENTRANT -D_XOPEN_SOURCE=600 -D_BSD_SOURCE -DCONFIG_HAVE_POSIX_SPINLOCK -DCONFIG_HAVE_GETPROTOBYNAME_R2 -DCONFIG_HAVE_GETNETENT -DCONFIG_HAVE_ISO_VARARGS -DCONFIG_HAVE_GNUC_VARARGS -DCONFIG_HAVE_ALLOCA_H -DCONFIG_HAVE_EVENTFD -DCONFIG_HAVE_PROC -DCONFIG_HAVE_BACKTRACE -DCONFIG_HAVE_PSELECT -DCONFIG_HAVE_TSC -DCONFIG_HAVE_POLL -DCONFIG_HAVE_EPOLL -DCONFIG_HAVE_GETIFADDRS -DCONFIG_HAVE_IFR_NETMASK  conftest.c >&5
configure:12725: $? = 0
configure:12726: result: yes
configure:12734: checking for struct ip_mreqn.imr_ifindex
configure:12748: gcc -std=gnu99 -c -fvisibility=hidden -D_REENTRANT -D_XOPEN_SOURCE=600 -D_BSD_SOURCE -DCONFIG_HAVE_POSIX_SPINLOCK -DCONFIG_HAVE_GETPROTOBYNAME_R2 -DCONFIG_HAVE_GETNETENT -DCONFIG_HAVE_ISO_VARARGS -DCONFIG_HAVE_GNUC_VARARGS -DCONFIG_HAVE_ALLOCA_H -DCONFIG_HAVE_EVENTFD -DCONFIG_HAVE_PROC -DCONFIG_HAVE_BACKTRACE -DCONFIG_HAVE_PSELECT -DCONFIG_HAVE_TSC -DCONFIG_HAVE_POLL -DCONFIG_HAVE_EPOLL -DCONFIG_HAVE_GETIFADDRS -DCONFIG_HAVE_IFR_NETMASK -DCONFIG_HAVE_MCAST_JOIN  conftest.c >&5
configure:12748: $? = 0
configure:12749: result: yes
configure:12758: checking for printf thousands' grouping
configure:12771: gcc -std=gnu99 -c -fvisibility=hidden -D_REENTRANT -D_XOPEN_SOURCE=600 -D_BSD_SOURCE -DCONFIG_HAVE_POSIX_SPINLOCK -DCONFIG_HAVE_GETPROTOBYNAME_R2 -DCONFIG_HAVE_GETNETENT -DCONFIG_HAVE_ISO_VARARGS -DCONFIG_HAVE_GNUC_VARARGS -DCONFIG_HAVE_ALLOCA_H -DCONFIG_HAVE_EVENTFD -DCONFIG_HAVE_PROC -DCONFIG_HAVE_BACKTRACE -DCONFIG_HAVE_PSELECT -DCONFIG_HAVE_TSC -DCONFIG_HAVE_POLL -DCONFIG_HAVE_EPOLL -DCONFIG_HAVE_GETIFADDRS -DCONFIG_HAVE_IFR_NETMASK -DCONFIG_HAVE_MCAST_JOIN -DCONFIG_HAVE_IP_MREQN  conftest.c >&5
conftest.c: In function 'main':
conftest.c:94:1: warning: implicit declaration of function 'printf' [-Wimplicit-function-declaration]
conftest.c:94:1: warning: incompatible implicit declaration of built-in function 'printf' [enabled by default]
configure:12771: $? = 0
configure:12772: result: yes
configure:12780: checking for vasprintf
configure:12780: gcc -std=gnu99 -o conftest -fvisibility=hidden -D_REENTRANT -D_XOPEN_SOURCE=600 -D_BSD_SOURCE -DCONFIG_HAVE_POSIX_SPINLOCK -DCONFIG_HAVE_GETPROTOBYNAME_R2 -DCONFIG_HAVE_GETNETENT -DCONFIG_HAVE_ISO_VARARGS -DCONFIG_HAVE_GNUC_VARARGS -DCONFIG_HAVE_ALLOCA_H -DCONFIG_HAVE_EVENTFD -DCONFIG_HAVE_PROC -DCONFIG_HAVE_BACKTRACE -DCONFIG_HAVE_PSELECT -DCONFIG_HAVE_TSC -DCONFIG_HAVE_POLL -DCONFIG_HAVE_EPOLL -DCONFIG_HAVE_GETIFADDRS -DCONFIG_HAVE_IFR_NETMASK -DCONFIG_HAVE_MCAST_JOIN -DCONFIG_HAVE_IP_MREQN -DCONFIG_HAVE_SPRINTF_GROUPING   conftest.c -lrt -lpthread -lm  >&5
configure:12780: $? = 0
configure:12780: result: yes
configure:12790: checking for hidden visibility attribute
configure:12808: gcc -std=gnu99 -c -fvisibility=hidden -D_REENTRANT -D_XOPEN_SOURCE=600 -D_BSD_SOURCE -DCONFIG_HAVE_POSIX_SPINLOCK -DCONFIG_HAVE_GETPROTOBYNAME_R2 -DCONFIG_HAVE_GETNETENT -DCONFIG_HAVE_ISO_VARARGS -DCONFIG_HAVE_GNUC_VARARGS -DCONFIG_HAVE_ALLOCA_H -DCONFIG_HAVE_EVENTFD -DCONFIG_HAVE_PROC -DCONFIG_HAVE_BACKTRACE -DCONFIG_HAVE_PSELECT -DCONFIG_HAVE_TSC -DCONFIG_HAVE_POLL -DCONFIG_HAVE_EPOLL -DCONFIG_HAVE_GETIFADDRS -DCONFIG_HAVE_IFR_NETMASK -DCONFIG_HAVE_MCAST_JOIN -DCONFIG_HAVE_IP_MREQN -DCONFIG_HAVE_SPRINTF_GROUPING -DCONFIG_HAVE_VASPRINTF -Werror  conftest.c >&5
configure:12808: $? = 0
configure:12809: result: yes
configure:12822: checking for raw IP sockets ip_{len,off} host byte ordering
configure:12835: result: no
configure:12873: checking for unaligned pointers
configure:12892: gcc -std=gnu99 -o conftest -fvisibility=hidden -D_REENTRANT -D_XOPEN_SOURCE=600 -D_BSD_SOURCE -DCONFIG_HAVE_POSIX_SPINLOCK -DCONFIG_HAVE_GETPROTOBYNAME_R2 -DCONFIG_HAVE_GETNETENT -DCONFIG_HAVE_ISO_VARARGS -DCONFIG_HAVE_GNUC_VARARGS -DCONFIG_HAVE_ALLOCA_H -DCONFIG_HAVE_EVENTFD -DCONFIG_HAVE_PROC -DCONFIG_HAVE_BACKTRACE -DCONFIG_HAVE_PSELECT -DCONFIG_HAVE_TSC -DCONFIG_HAVE_POLL -DCONFIG_HAVE_EPOLL -DCONFIG_HAVE_GETIFADDRS -DCONFIG_HAVE_IFR_NETMASK -DCONFIG_HAVE_MCAST_JOIN -DCONFIG_HAVE_IP_MREQN -DCONFIG_HAVE_SPRINTF_GROUPING -DCONFIG_HAVE_VASPRINTF -DCONFIG_HAVE_DSO_VISIBILITY -DCONFIG_BIND_INADDR_ANY   conftest.c -lrt -lpthread -lm  >&5
configure:12892: $? = 0
configure:12892: ./conftest
configure:12892: $? = 0
configure:12893: result: yes
configure:12905: checking for intrinsic atomic ops
configure:12924: gcc -std=gnu99 -c -fvisibility=hidden -D_REENTRANT -D_XOPEN_SOURCE=600 -D_BSD_SOURCE -DCONFIG_HAVE_POSIX_SPINLOCK -DCONFIG_HAVE_GETPROTOBYNAME_R2 -DCONFIG_HAVE_GETNETENT -DCONFIG_HAVE_ISO_VARARGS -DCONFIG_HAVE_GNUC_VARARGS -DCONFIG_HAVE_ALLOCA_H -DCONFIG_HAVE_EVENTFD -DCONFIG_HAVE_PROC -DCONFIG_HAVE_BACKTRACE -DCONFIG_HAVE_PSELECT -DCONFIG_HAVE_TSC -DCONFIG_HAVE_POLL -DCONFIG_HAVE_EPOLL -DCONFIG_HAVE_GETIFADDRS -DCONFIG_HAVE_IFR_NETMASK -DCONFIG_HAVE_MCAST_JOIN -DCONFIG_HAVE_IP_MREQN -DCONFIG_HAVE_SPRINTF_GROUPING -DCONFIG_HAVE_VASPRINTF -DCONFIG_HAVE_DSO_VISIBILITY -DCONFIG_BIND_INADDR_ANY  conftest.c >&5
configure:12924: $? = 0
configure:12925: result: yes
configure:13095: creating ./config.status

## ---------------------- ##
## Running config.status. ##
## ---------------------- ##

This file was extended by OpenPGM config.status 5.1, which was
generated by GNU Autoconf 2.67.  Invocation command line was

  CONFIG_FILES    = 
  CONFIG_HEADERS  = 
  CONFIG_LINKS    = 
  CONFIG_COMMANDS = 
  $ ./config.status 

on shriram-sridharan

config.status:1013: creating Makefile
config.status:1013: creating openpgm-5.1.pc
config.status:1184: executing depfiles commands
config.status:1184: executing libtool commands

## ---------------- ##
## Cache variables. ##
## ---------------- ##

ac_cv_build=x86_64-unknown-linux-gnu
ac_cv_c_compiler_gnu=yes
ac_cv_c_inline=inline
ac_cv_c_int16_t=yes
ac_cv_c_int32_t=yes
ac_cv_c_int64_t=yes
ac_cv_c_int8_t=yes
ac_cv_c_restrict=__restrict
ac_cv_c_uint16_t=yes
ac_cv_c_uint32_t=yes
ac_cv_c_uint64_t=yes
ac_cv_c_uint8_t=yes
ac_cv_env_CC_set=
ac_cv_env_CC_value=
ac_cv_env_CFLAGS_set=set
ac_cv_env_CFLAGS_value=-fvisibility=hidden
ac_cv_env_CPPFLAGS_set=
ac_cv_env_CPPFLAGS_value=
ac_cv_env_CPP_set=
ac_cv_env_CPP_value=
ac_cv_env_LDFLAGS_set=
ac_cv_env_LDFLAGS_value=
ac_cv_env_LIBS_set=
ac_cv_env_LIBS_value=
ac_cv_env_build_alias_set=
ac_cv_env_build_alias_value=
ac_cv_env_host_alias_set=
ac_cv_env_host_alias_value=
ac_cv_env_target_alias_set=
ac_cv_env_target_alias_value=
ac_cv_file__dev_hpet=no
ac_cv_file__dev_rtc=no
ac_cv_file__proc_cpuinfo=yes
ac_cv_func_alloca_works=yes
ac_cv_func_atexit=yes
ac_cv_func_backtrace=yes
ac_cv_func_clock_gettime=yes
ac_cv_func_epoll_ctl=yes
ac_cv_func_floor=yes
ac_cv_func_ftime=yes
ac_cv_func_gethostbyaddr=yes
ac_cv_func_gethostbyname=yes
ac_cv_func_gethostname=yes
ac_cv_func_getifaddrs=yes
ac_cv_func_getnetent=yes
ac_cv_func_getpagesize=yes
ac_cv_func_getprotobyname_r=yes
ac_cv_func_gettimeofday=yes
ac_cv_func_inet_ntoa=yes
ac_cv_func_malloc_0_nonnull=yes
ac_cv_func_memmove=yes
ac_cv_func_memset=yes
ac_cv_func_mmap_fixed_mapped=yes
ac_cv_func_poll=yes
ac_cv_func_pselect=yes
ac_cv_func_realloc_0_nonnull=yes
ac_cv_func_regcomp=yes
ac_cv_func_select=yes
ac_cv_func_setenv=yes
ac_cv_func_setlocale=yes
ac_cv_func_socket=yes
ac_cv_func_sqrt=yes
ac_cv_func_stpcpy=yes
ac_cv_func_strcasecmp=yes
ac_cv_func_strchr=yes
ac_cv_func_strdup=yes
ac_cv_func_strerror=yes
ac_cv_func_strerror_r=yes
ac_cv_func_strerror_r_char_p=no
ac_cv_func_strncasecmp=yes
ac_cv_func_strpbrk=yes
ac_cv_func_strrchr=yes
ac_cv_func_strstr=yes
ac_cv_func_strtol=yes
ac_cv_func_strtoul=yes
ac_cv_func_strtoull=yes
ac_cv_func_vasprintf=yes
ac_cv_have_decl_strerror_r=yes
ac_cv_header_arpa_inet_h=yes
ac_cv_header_dlfcn_h=yes
ac_cv_header_fcntl_h=yes
ac_cv_header_float_h=yes
ac_cv_header_inttypes_h=yes
ac_cv_header_libintl_h=yes
ac_cv_header_limits_h=yes
ac_cv_header_locale_h=yes
ac_cv_header_malloc_h=yes
ac_cv_header_memory_h=yes
ac_cv_header_netdb_h=yes
ac_cv_header_netinet_in_h=yes
ac_cv_header_stdbool_h=yes
ac_cv_header_stdc=yes
ac_cv_header_stddef_h=yes
ac_cv_header_stdint_h=yes
ac_cv_header_stdlib_h=yes
ac_cv_header_string_h=yes
ac_cv_header_strings_h=yes
ac_cv_header_sys_ioctl_h=yes
ac_cv_header_sys_param_h=yes
ac_cv_header_sys_socket_h=yes
ac_cv_header_sys_stat_h=yes
ac_cv_header_sys_time_h=yes
ac_cv_header_sys_timeb_h=yes
ac_cv_header_sys_types_h=yes
ac_cv_header_syslog_h=yes
ac_cv_header_unistd_h=yes
ac_cv_header_wchar_h=yes
ac_cv_host=x86_64-unknown-linux-gnu
ac_cv_member_struct__WSAMSG_name=no
ac_cv_objext=o
ac_cv_path_EGREP='/bin/grep -E'
ac_cv_path_FGREP='/bin/grep -F'
ac_cv_path_GREP=/bin/grep
ac_cv_path_PERL=/usr/bin/perl
ac_cv_path_PYTHON=/usr/bin/python
ac_cv_path_SED=/bin/sed
ac_cv_path_install='/usr/bin/install -c'
ac_cv_path_mkdir=/bin/mkdir
ac_cv_prog_AWK=gawk
ac_cv_prog_CPP='gcc -std=gnu99 -E'
ac_cv_prog_ac_ct_AR=ar
ac_cv_prog_ac_ct_CC=gcc
ac_cv_prog_ac_ct_OBJDUMP=objdump
ac_cv_prog_ac_ct_RANLIB=ranlib
ac_cv_prog_ac_ct_STRIP=strip
ac_cv_prog_cc_c89=
ac_cv_prog_cc_c99=-std=gnu99
ac_cv_prog_cc_g=yes
ac_cv_prog_make_make_set=yes
ac_cv_search_clock_gettime=-lrt
ac_cv_search_pthread_mutex_trylock=-lpthread
ac_cv_search_sqrt=-lm
ac_cv_type__Bool=yes
ac_cv_type_mode_t=yes
ac_cv_type_size_t=yes
ac_cv_type_ssize_t=yes
ac_cv_type_uid_t=yes
ac_cv_working_alloca_h=yes
am_cv_CC_dependencies_compiler_type=gcc3
lt_cv_deplibs_check_method=pass_all
lt_cv_file_magic_cmd='$MAGIC_CMD'
lt_cv_file_magic_test_file=
lt_cv_ld_reload_flag=-r
lt_cv_nm_interface='BSD nm'
lt_cv_objdir=.libs
lt_cv_path_LD=/usr/bin/ld
lt_cv_path_NM='/usr/bin/nm -B'
lt_cv_prog_compiler_c_o=yes
lt_cv_prog_compiler_pic_works=yes
lt_cv_prog_compiler_rtti_exceptions=no
lt_cv_prog_compiler_static_works=yes
lt_cv_prog_gnu_ld=yes
lt_cv_sys_global_symbol_pipe='sed -n -e '\''s/^.*[	 ]\([ABCDGIRSTW][ABCDGIRSTW]*\)[	 ][	 ]*\([_A-Za-z][_A-Za-z0-9]*\)$/\1 \2 \2/p'\'''
lt_cv_sys_global_symbol_to_c_name_address='sed -n -e '\''s/^: \([^ ]*\) $/  {\"\1\", (void *) 0},/p'\'' -e '\''s/^[ABCDGIRSTW]* \([^ ]*\) \([^ ]*\)$/  {"\2", (void *) \&\2},/p'\'''
lt_cv_sys_global_symbol_to_c_name_address_lib_prefix='sed -n -e '\''s/^: \([^ ]*\) $/  {\"\1\", (void *) 0},/p'\'' -e '\''s/^[ABCDGIRSTW]* \([^ ]*\) \(lib[^ ]*\)$/  {"\2", (void *) \&\2},/p'\'' -e '\''s/^[ABCDGIRSTW]* \([^ ]*\) \([^ ]*\)$/  {"lib\2", (void *) \&\2},/p'\'''
lt_cv_sys_global_symbol_to_cdecl='sed -n -e '\''s/^T .* \(.*\)$/extern int \1();/p'\'' -e '\''s/^[ABCDGIRSTW]* .* \(.*\)$/extern char \1;/p'\'''
lt_cv_sys_max_cmd_len=1572864

## ----------------- ##
## Output variables. ##
## ----------------- ##

ACLOCAL='${SHELL} /home/shriram/Desktop/DAC/ZPackages/zeromq-2.1.10/foreign/openpgm/build-staging/openpgm/pgm/missing --run aclocal-1.11'
ALLOCA=''
AMDEPBACKSLASH='\'
AMDEP_FALSE='#'
AMDEP_TRUE=''
AMTAR='${SHELL} /home/shriram/Desktop/DAC/ZPackages/zeromq-2.1.10/foreign/openpgm/build-staging/openpgm/pgm/missing --run tar'
AM_BACKSLASH='\'
AM_DEFAULT_VERBOSITY='0'
AR='ar'
AUTOCONF='${SHELL} /home/shriram/Desktop/DAC/ZPackages/zeromq-2.1.10/foreign/openpgm/build-staging/openpgm/pgm/missing --run autoconf'
AUTOHEADER='${SHELL} /home/shriram/Desktop/DAC/ZPackages/zeromq-2.1.10/foreign/openpgm/build-staging/openpgm/pgm/missing --run autoheader'
AUTOMAKE='${SHELL} /home/shriram/Desktop/DAC/ZPackages/zeromq-2.1.10/foreign/openpgm/build-staging/openpgm/pgm/missing --run automake-1.11'
AWK='gawk'
CC='gcc -std=gnu99'
CCDEPMODE='depmode=gcc3'
CFLAGS='-fvisibility=hidden -D_REENTRANT -D_XOPEN_SOURCE=600 -D_BSD_SOURCE -DCONFIG_HAVE_POSIX_SPINLOCK -DCONFIG_HAVE_GETPROTOBYNAME_R2 -DCONFIG_HAVE_GETNETENT -DCONFIG_HAVE_ISO_VARARGS -DCONFIG_HAVE_GNUC_VARARGS -DCONFIG_HAVE_ALLOCA_H -DCONFIG_HAVE_EVENTFD -DCONFIG_HAVE_PROC -DCONFIG_HAVE_BACKTRACE -DCONFIG_HAVE_PSELECT -DCONFIG_HAVE_TSC -DCONFIG_HAVE_POLL -DCONFIG_HAVE_EPOLL -DCONFIG_HAVE_GETIFADDRS -DCONFIG_HAVE_IFR_NETMASK -DCONFIG_HAVE_MCAST_JOIN -DCONFIG_HAVE_IP_MREQN -DCONFIG_HAVE_SPRINTF_GROUPING -DCONFIG_HAVE_VASPRINTF -DCONFIG_HAVE_DSO_VISIBILITY -DCONFIG_BIND_INADDR_ANY -DCONFIG_TICKET_SPINLOCK -DCONFIG_DUMB_RWSPINLOCK'
CPP='gcc -std=gnu99 -E'
CPPFLAGS=''
CYGPATH_W='echo'
DEFS='-DPACKAGE_NAME=\"OpenPGM\" -DPACKAGE_TARNAME=\"openpgm\" -DPACKAGE_VERSION=\"5.1\" -DPACKAGE_STRING=\"OpenPGM\ 5.1\" -DPACKAGE_BUGREPORT=\"openpgm-dev@googlegroups.com\" -DPACKAGE_URL=\"http://code.google.com/p/openpgm/\" -DSTDC_HEADERS=1 -DHAVE_SYS_TYPES_H=1 -DHAVE_SYS_STAT_H=1 -DHAVE_STDLIB_H=1 -DHAVE_STRING_H=1 -DHAVE_MEMORY_H=1 -DHAVE_STRINGS_H=1 -DHAVE_INTTYPES_H=1 -DHAVE_STDINT_H=1 -DHAVE_UNISTD_H=1 -DHAVE_DLFCN_H=1 -DLT_OBJDIR=\".libs/\" -DHAVE_ALLOCA_H=1 -DHAVE_ALLOCA=1 -DHAVE_ARPA_INET_H=1 -DHAVE_FCNTL_H=1 -DHAVE_FLOAT_H=1 -DHAVE_INTTYPES_H=1 -DHAVE_LIBINTL_H=1 -DHAVE_LIMITS_H=1 -DHAVE_LOCALE_H=1 -DHAVE_MALLOC_H=1 -DHAVE_MEMORY_H=1 -DHAVE_NETDB_H=1 -DHAVE_NETINET_IN_H=1 -DHAVE_STDDEF_H=1 -DHAVE_STDINT_H=1 -DHAVE_STDLIB_H=1 -DHAVE_STRING_H=1 -DHAVE_STRINGS_H=1 -DHAVE_SYS_IOCTL_H=1 -DHAVE_SYS_PARAM_H=1 -DHAVE_SYS_SOCKET_H=1 -DHAVE_SYS_TIME_H=1 -DHAVE_SYS_TIMEB_H=1 -DHAVE_SYSLOG_H=1 -DHAVE_UNISTD_H=1 -DHAVE_WCHAR_H=1 -DHAVE__BOOL=1 -DHAVE_STDBOOL_H=1 -Drestrict=__restrict -DHAVE_STDLIB_H=1 -DHAVE_MALLOC=1 -DHAVE_STDLIB_H=1 -DHAVE_UNISTD_H=1 -DHAVE_SYS_PARAM_H=1 -DHAVE_GETPAGESIZE=1 -DHAVE_MMAP=1 -DHAVE_STDLIB_H=1 -DHAVE_REALLOC=1 -DHAVE_DECL_STRERROR_R=1 -DHAVE_STRERROR_R=1 -DHAVE_ATEXIT=1 -DHAVE_CLOCK_GETTIME=1 -DHAVE_FLOOR=1 -DHAVE_FTIME=1 -DHAVE_GETHOSTBYADDR=1 -DHAVE_GETHOSTBYNAME=1 -DHAVE_GETHOSTNAME=1 -DHAVE_GETTIMEOFDAY=1 -DHAVE_INET_NTOA=1 -DHAVE_MEMMOVE=1 -DHAVE_MEMSET=1 -DHAVE_REGCOMP=1 -DHAVE_SELECT=1 -DHAVE_SETENV=1 -DHAVE_SETLOCALE=1 -DHAVE_SOCKET=1 -DHAVE_SQRT=1 -DHAVE_STPCPY=1 -DHAVE_STRCASECMP=1 -DHAVE_STRCHR=1 -DHAVE_STRDUP=1 -DHAVE_STRERROR=1 -DHAVE_STRNCASECMP=1 -DHAVE_STRPBRK=1 -DHAVE_STRRCHR=1 -DHAVE_STRSTR=1 -DHAVE_STRTOL=1 -DHAVE_STRTOUL=1 -DHAVE_STRTOULL=1'
DEPDIR='.deps'
DSYMUTIL=''
DUMPBIN=''
ECHO_C=''
ECHO_N='-n'
ECHO_T=''
EGREP='/bin/grep -E'
EXEEXT=''
FGREP='/bin/grep -F'
GREP='/bin/grep'
INSTALL_DATA='${INSTALL} -m 644'
INSTALL_PROGRAM='${INSTALL}'
INSTALL_SCRIPT='${INSTALL}'
INSTALL_STRIP_PROGRAM='$(install_sh) -c -s'
LD='/usr/bin/ld -m elf_x86_64'
LDFLAGS=''
LIBOBJS=''
LIBS='-lrt -lpthread -lm '
LIBTOOL='$(SHELL) $(top_builddir)/libtool'
LIBTOOL_DEPS='./ltmain.sh'
LIPO=''
LN_S='ln -s'
LTLIBOBJS=''
MAKEINFO='${SHELL} /home/shriram/Desktop/DAC/ZPackages/zeromq-2.1.10/foreign/openpgm/build-staging/openpgm/pgm/missing --run makeinfo'
MKDIR_P='/bin/mkdir -p'
NM='/usr/bin/nm -B'
NMEDIT=''
OBJDUMP='objdump'
OBJEXT='o'
OTOOL64=''
OTOOL=''
PACKAGE='openpgm'
PACKAGE_BUGREPORT='openpgm-dev@googlegroups.com'
PACKAGE_NAME='OpenPGM'
PACKAGE_STRING='OpenPGM 5.1'
PACKAGE_TARNAME='openpgm'
PACKAGE_URL='http://code.google.com/p/openpgm/'
PACKAGE_VERSION='5.1'
PATH_SEPARATOR=':'
PERL='/usr/bin/perl'
PYTHON='/usr/bin/python'
RANLIB='ranlib'
RELEASE_INFO='5.1'
SED='/bin/sed'
SET_MAKE=''
SHELL='/bin/bash'
STRIP='strip'
VERSION='5.1'
VERSION_INFO='0:115'
ac_ct_CC='gcc'
ac_ct_DUMPBIN=''
am__EXEEXT_FALSE=''
am__EXEEXT_TRUE='#'
am__fastdepCC_FALSE='#'
am__fastdepCC_TRUE=''
am__include='include'
am__isrc=''
am__leading_dot='.'
am__quote=''
am__tar='${AMTAR} chof - "$$tardir"'
am__untar='${AMTAR} xf -'
bindir='${exec_prefix}/bin'
build='x86_64-unknown-linux-gnu'
build_alias=''
build_cpu='x86_64'
build_os='linux-gnu'
build_vendor='unknown'
datadir='${datarootdir}'
datarootdir='${prefix}/share'
docdir='${datarootdir}/doc/${PACKAGE_TARNAME}'
dvidir='${docdir}'
exec_prefix='${prefix}'
host='x86_64-unknown-linux-gnu'
host_alias=''
host_cpu='x86_64'
host_os='linux-gnu'
host_vendor='unknown'
htmldir='${docdir}'
includedir='${prefix}/include'
infodir='${datarootdir}/info'
install_sh='${SHELL} /home/shriram/Desktop/DAC/ZPackages/zeromq-2.1.10/foreign/openpgm/build-staging/openpgm/pgm/install-sh'
libdir='${exec_prefix}/lib'
libexecdir='${exec_prefix}/libexec'
localedir='${datarootdir}/locale'
localstatedir='${prefix}/var'
lt_ECHO='echo'
mandir='${datarootdir}/man'
mkdir_p='/bin/mkdir -p'
oldincludedir='/usr/include'
pdfdir='${docdir}'
prefix='/usr/local'
program_transform_name='s,x,x,'
psdir='${docdir}'
sbindir='${exec_prefix}/sbin'
sharedstatedir='${prefix}/com'
sysconfdir='${prefix}/etc'
target_alias=''

## ----------- ##
## confdefs.h. ##
## ----------- ##

/* confdefs.h */
#define PACKAGE_NAME "OpenPGM"
#define PACKAGE_TARNAME "openpgm"
#define PACKAGE_VERSION "5.1"
#define PACKAGE_STRING "OpenPGM 5.1"
#define PACKAGE_BUGREPORT "openpgm-dev@googlegroups.com"
#define PACKAGE_URL "http://code.google.com/p/openpgm/"
#define STDC_HEADERS 1
#define HAVE_SYS_TYPES_H 1
#define HAVE_SYS_STAT_H 1
#define HAVE_STDLIB_H 1
#define HAVE_STRING_H 1
#define HAVE_MEMORY_H 1
#define HAVE_STRINGS_H 1
#define HAVE_INTTYPES_H 1
#define HAVE_STDINT_H 1
#define HAVE_UNISTD_H 1
#define HAVE_DLFCN_H 1
#define LT_OBJDIR ".libs/"
#define HAVE_ALLOCA_H 1
#define HAVE_ALLOCA 1
#define HAVE_ARPA_INET_H 1
#define HAVE_FCNTL_H 1
#define HAVE_FLOAT_H 1
#define HAVE_INTTYPES_H 1
#define HAVE_LIBINTL_H 1
#define HAVE_LIMITS_H 1
#define HAVE_LOCALE_H 1
#define HAVE_MALLOC_H 1
#define HAVE_MEMORY_H 1
#define HAVE_NETDB_H 1
#define HAVE_NETINET_IN_H 1
#define HAVE_STDDEF_H 1
#define HAVE_STDINT_H 1
#define HAVE_STDLIB_H 1
#define HAVE_STRING_H 1
#define HAVE_STRINGS_H 1
#define HAVE_SYS_IOCTL_H 1
#define HAVE_SYS_PARAM_H 1
#define HAVE_SYS_SOCKET_H 1
#define HAVE_SYS_TIME_H 1
#define HAVE_SYS_TIMEB_H 1
#define HAVE_SYSLOG_H 1
#define HAVE_UNISTD_H 1
#define HAVE_WCHAR_H 1
#define HAVE__BOOL 1
#define HAVE_STDBOOL_H 1
#define restrict __restrict
#define HAVE_STDLIB_H 1
#define HAVE_MALLOC 1
#define HAVE_STDLIB_H 1
#define HAVE_UNISTD_H 1
#define HAVE_SYS_PARAM_H 1
#define HAVE_GETPAGESIZE 1
#define HAVE_MMAP 1
#define HAVE_STDLIB_H 1
#define HAVE_REALLOC 1
#define HAVE_DECL_STRERROR_R 1
#define HAVE_STRERROR_R 1
#define HAVE_ATEXIT 1
#define HAVE_CLOCK_GETTIME 1
#define HAVE_FLOOR 1
#define HAVE_FTIME 1
#define HAVE_GETHOSTBYADDR 1
#define HAVE_GETHOSTBYNAME 1
#define HAVE_GETHOSTNAME 1
#define HAVE_GETTIMEOFDAY 1
#define HAVE_INET_NTOA 1
#define HAVE_MEMMOVE 1
#define HAVE_MEMSET 1
#define HAVE_REGCOMP 1
#define HAVE_SELECT 1
#define HAVE_SETENV 1
#define HAVE_SETLOCALE 1
#define HAVE_SOCKET 1
#define HAVE_SQRT 1
#define HAVE_STPCPY 1
#define HAVE_STRCASECMP 1
#define HAVE_STRCHR 1
#define HAVE_STRDUP 1
#define HAVE_STRERROR 1
#define HAVE_STRNCASECMP 1
#define HAVE_STRPBRK 1
#define HAVE_STRRCHR 1
#define HAVE_STRSTR 1
#define HAVE_STRTOL 1
#define HAVE_STRTOUL 1
#define HAVE_STRTOULL 1

configure: exit 0
